[00:08:25] [main/INFO] (FabricLoader/GameProvider) Loading Minecraft 1.20.2 with Fabric Loader 0.15.3
[00:08:25] [main/DEBUG] (FabricLoader/GamePatch) Found game constructor: net.minecraft.client.main.Main -> net.minecraft.client.MinecraftClient
[00:08:25] [main/DEBUG] (FabricLoader/GamePatch) Patching game constructor <init>(Lnet/minecraft/client/RunArgs;)V
[00:08:25] [main/DEBUG] (FabricLoader/GamePatch) Run directory field is thought to be net/minecraft/client/MinecraftClient/runDirectory
[00:08:25] [main/DEBUG] (FabricLoader/GamePatch) Applying brand name hook to net/minecraft/client/ClientBrandRetriever::getClientModName
[00:08:25] [main/DEBUG] (FabricLoader/GamePatch) Applying brand name hook to net/minecraft/server/MinecraftServer::getServerModName
[00:08:25] [main/DEBUG] (FabricLoader/Mappings) Loading mappings took 68 ms
[00:08:25] [main/DEBUG] (FabricLoader/GamePatch) Patched 3 classs
[00:08:25] [main/DEBUG] (FabricLoader/Discovery) Mod discovery time: 33.9 ms
[00:08:25] [main/DEBUG] (FabricLoader/Resolution) Mod resolution time: 40.2 ms
[00:08:25] [main/INFO] (FabricLoader) Loading 56 mods:
	- fabric-api 0.91.2+1.20.2
	- fabric-api-base 0.4.33+fce67b32a0
	- fabric-api-lookup-api-v1 1.6.42+b1792f7da0
	- fabric-biome-api-v1 13.0.14+b1792f7da0
	- fabric-block-api-v1 1.0.12+73761d2ea0
	- fabric-block-view-api-v2 1.0.1+73761d2ea0
	- fabric-blockrenderlayer-v1 1.1.43+f4b7e424a0
	- fabric-client-tags-api-v1 1.1.4+86b12645a0
	- fabric-command-api-v1 1.2.37+f71b366fa0
	- fabric-command-api-v2 2.2.16+b1792f7da0
	- fabric-commands-v0 0.2.54+df3654b3a0
	- fabric-containers-v0 0.1.78+df3654b3a0
	- fabric-content-registries-v0 5.0.5+b1792f7da0
	- fabric-convention-tags-v1 1.5.8+b1792f7da0
	- fabric-crash-report-info-v1 0.2.20+f4b7e424a0
	- fabric-data-generation-api-v1 13.1.8+b1792f7da0
	- fabric-dimensions-v1 2.1.57+b1792f7da0
	- fabric-entity-events-v1 1.5.26+b1792f7da0
	- fabric-events-interaction-v0 0.6.10+b1792f7da0
	- fabric-events-lifecycle-v0 0.2.69+df3654b3a0
	- fabric-game-rule-api-v1 1.0.42+a44e16a6a0
	- fabric-gametest-api-v1 1.2.16+b1792f7da0
	- fabric-item-api-v1 2.1.33+b1792f7da0
	- fabric-item-group-api-v1 4.0.15+e3d2bf3fa0
	- fabric-key-binding-api-v1 1.0.38+f4b7e424a0
	- fabric-keybindings-v0 0.2.36+df3654b3a0
	- fabric-lifecycle-events-v1 2.2.27+b1792f7da0
	- fabric-loot-api-v2 2.1.1+3ba460fba0
	- fabric-message-api-v1 6.0.2+e3d2bf3fa0
	- fabric-mining-level-api-v1 2.1.55+f4b7e424a0
	- fabric-model-loading-api-v1 1.0.6+b1792f7da0
	- fabric-models-v0 0.4.5+9386d8a7a0
	- fabric-networking-api-v1 3.1.2+95a8ac51a0
	- fabric-object-builder-api-v1 12.1.2+2ff98d3ba0
	- fabric-particles-v1 1.1.4+f4b7e424a0
	- fabric-recipe-api-v1 2.0.11+52b3ebe5a0
	- fabric-registry-sync-v0 4.0.9+b1792f7da0
	- fabric-renderer-api-v1 3.2.1+2034447ca0
	- fabric-renderer-indigo 1.5.1+2034447ca0
	- fabric-renderer-registries-v1 3.2.49+df3654b3a0
	- fabric-rendering-data-attachment-v1 0.3.39+73761d2ea0
	- fabric-rendering-fluids-v1 3.0.30+f4b7e424a0
	- fabric-rendering-v0 1.1.52+df3654b3a0
	- fabric-rendering-v1 3.0.11+b1792f7da0
	- fabric-resource-conditions-api-v1 2.3.11+239dafd8a0
	- fabric-resource-loader-v0 0.11.12+b1792f7da0
	- fabric-screen-api-v1 2.0.12+b1792f7da0
	- fabric-screen-handler-api-v1 1.3.44+b1792f7da0
	- fabric-sound-api-v1 1.0.14+f4b7e424a0
	- fabric-transfer-api-v1 3.3.12+4944b5a5a0
	- fabric-transitive-access-wideners-v1 5.0.3+fce67b32a0
	- fabricloader 0.15.3
	   \-- mixinextras 0.3.2
	- java 17
	- minecraft 1.20.2
	- staffmod 1.0-SNAPSHOT
[00:08:25] [main/DEBUG] (FabricLoader/Knot) Adding C:\Users\Jordon\IdeaProjects\NickBypasser\.gradle\loom-cache\remapped_mods\net_fabricmc_yarn_1_20_2_1_20_2_build_4_v2\net\fabricmc\fabric-api\fabric-recipe-api-v1\2.0.11+52b3ebe5a0\fabric-recipe-api-v1-2.0.11+52b3ebe5a0.jar to classpath.
[00:08:25] [main/DEBUG] (FabricLoader/Knot) Adding C:\Users\Jordon\IdeaProjects\NickBypasser\.gradle\loom-cache\remapped_mods\net_fabricmc_yarn_1_20_2_1_20_2_build_4_v2\net\fabricmc\fabric-api\fabric-renderer-registries-v1\3.2.49+df3654b3a0\fabric-renderer-registries-v1-3.2.49+df3654b3a0.jar to classpath.
[00:08:25] [main/DEBUG] (FabricLoader/Knot) Adding C:\Users\Jordon\IdeaProjects\NickBypasser\.gradle\loom-cache\remapped_mods\net_fabricmc_yarn_1_20_2_1_20_2_build_4_v2\net\fabricmc\fabric-api\fabric-containers-v0\0.1.78+df3654b3a0\fabric-containers-v0-0.1.78+df3654b3a0.jar to classpath.
[00:08:25] [main/DEBUG] (FabricLoader/Knot) Adding C:\Users\Jordon\IdeaProjects\NickBypasser\.gradle\loom-cache\remapped_mods\net_fabricmc_yarn_1_20_2_1_20_2_build_4_v2\net\fabricmc\fabric-api\fabric-registry-sync-v0\4.0.9+b1792f7da0\fabric-registry-sync-v0-4.0.9+b1792f7da0.jar to classpath.
[00:08:25] [main/DEBUG] (FabricLoader/Knot) Adding C:\Users\Jordon\IdeaProjects\NickBypasser\.gradle\loom-cache\remapped_mods\net_fabricmc_yarn_1_20_2_1_20_2_build_4_v2\net\fabricmc\fabric-api\fabric-object-builder-api-v1\12.1.2+2ff98d3ba0\fabric-object-builder-api-v1-12.1.2+2ff98d3ba0.jar to classpath.
[00:08:25] [main/DEBUG] (FabricLoader/Knot) Adding C:\Users\Jordon\IdeaProjects\NickBypasser\.gradle\loom-cache\remapped_mods\net_fabricmc_yarn_1_20_2_1_20_2_build_4_v2\net\fabricmc\fabric-api\fabric-item-group-api-v1\4.0.15+e3d2bf3fa0\fabric-item-group-api-v1-4.0.15+e3d2bf3fa0.jar to classpath.
[00:08:25] [main/DEBUG] (FabricLoader/Knot) Adding C:\Users\Jordon\IdeaProjects\NickBypasser\.gradle\loom-cache\remapped_mods\net_fabricmc_yarn_1_20_2_1_20_2_build_4_v2\net\fabricmc\fabric-api\fabric-block-api-v1\1.0.12+73761d2ea0\fabric-block-api-v1-1.0.12+73761d2ea0.jar to classpath.
[00:08:25] [main/DEBUG] (FabricLoader/Knot) Adding C:\Users\Jordon\IdeaProjects\NickBypasser\.gradle\loom-cache\remapped_mods\net_fabricmc_yarn_1_20_2_1_20_2_build_4_v2\net\fabricmc\fabric-api\fabric-blockrenderlayer-v1\1.1.43+f4b7e424a0\fabric-blockrenderlayer-v1-1.1.43+f4b7e424a0.jar to classpath.
[00:08:25] [main/DEBUG] (FabricLoader/Knot) Adding C:\Users\Jordon\IdeaProjects\NickBypasser\.gradle\loom-cache\remapped_mods\net_fabricmc_yarn_1_20_2_1_20_2_build_4_v2\net\fabricmc\fabric-api\fabric-block-view-api-v2\1.0.1+73761d2ea0\fabric-block-view-api-v2-1.0.1+73761d2ea0.jar to classpath.
[00:08:25] [main/DEBUG] (FabricLoader/Knot) Adding C:\Users\Jordon\IdeaProjects\NickBypasser\.gradle\loom-cache\remapped_mods\net_fabricmc_yarn_1_20_2_1_20_2_build_4_v2\net\fabricmc\fabric-api\fabric-content-registries-v0\5.0.5+b1792f7da0\fabric-content-registries-v0-5.0.5+b1792f7da0.jar to classpath.
[00:08:25] [main/DEBUG] (FabricLoader/Knot) Adding C:\Users\Jordon\IdeaProjects\NickBypasser\.gradle\loom-cache\remapped_mods\net_fabricmc_yarn_1_20_2_1_20_2_build_4_v2\net\fabricmc\fabric-api\fabric-renderer-api-v1\3.2.1+2034447ca0\fabric-renderer-api-v1-3.2.1+2034447ca0.jar to classpath.
[00:08:25] [main/DEBUG] (FabricLoader/Knot) Adding C:\Users\Jordon\IdeaProjects\NickBypasser\.gradle\loom-cache\remapped_mods\net_fabricmc_yarn_1_20_2_1_20_2_build_4_v2\net\fabricmc\fabric-api\fabric-api\0.91.2+1.20.2\fabric-api-0.91.2+1.20.2.jar to classpath.
[00:08:25] [main/DEBUG] (FabricLoader/Knot) Adding C:\Users\Jordon\IdeaProjects\NickBypasser\.gradle\loom-cache\remapped_mods\net_fabricmc_yarn_1_20_2_1_20_2_build_4_v2\net\fabricmc\fabric-api\fabric-renderer-indigo\1.5.1+2034447ca0\fabric-renderer-indigo-1.5.1+2034447ca0.jar to classpath.
[00:08:25] [main/DEBUG] (FabricLoader/Knot) Adding C:\Users\Jordon\IdeaProjects\NickBypasser\.gradle\loom-cache\remapped_mods\net_fabricmc_yarn_1_20_2_1_20_2_build_4_v2\net\fabricmc\fabric-api\fabric-loot-api-v2\2.1.1+3ba460fba0\fabric-loot-api-v2-2.1.1+3ba460fba0.jar to classpath.
[00:08:25] [main/DEBUG] (FabricLoader/Knot) Adding C:\Users\Jordon\IdeaProjects\NickBypasser\.gradle\loom-cache\remapped_mods\net_fabricmc_yarn_1_20_2_1_20_2_build_4_v2\net\fabricmc\fabric-api\fabric-rendering-data-attachment-v1\0.3.39+73761d2ea0\fabric-rendering-data-attachment-v1-0.3.39+73761d2ea0.jar to classpath.
[00:08:26] [main/DEBUG] (FabricLoader/Knot) Adding C:\Users\Jordon\IdeaProjects\NickBypasser\.gradle\loom-cache\remapped_mods\net_fabricmc_yarn_1_20_2_1_20_2_build_4_v2\net\fabricmc\fabric-api\fabric-events-lifecycle-v0\0.2.69+df3654b3a0\fabric-events-lifecycle-v0-0.2.69+df3654b3a0.jar to classpath.
[00:08:26] [main/DEBUG] (FabricLoader/Knot) Adding C:\Users\Jordon\IdeaProjects\NickBypasser\.gradle\loom-cache\remapped_mods\net_fabricmc_yarn_1_20_2_1_20_2_build_4_v2\net\fabricmc\fabric-api\fabric-keybindings-v0\0.2.36+df3654b3a0\fabric-keybindings-v0-0.2.36+df3654b3a0.jar to classpath.
[00:08:26] [main/DEBUG] (FabricLoader/Knot) Adding C:\Users\Jordon\IdeaProjects\NickBypasser\build\resources\main to classpath.
[00:08:26] [main/DEBUG] (FabricLoader/Knot) Adding C:\Users\Jordon\IdeaProjects\NickBypasser\.gradle\loom-cache\remapped_mods\net_fabricmc_yarn_1_20_2_1_20_2_build_4_v2\net\fabricmc\fabric-api\fabric-screen-handler-api-v1\1.3.44+b1792f7da0\fabric-screen-handler-api-v1-1.3.44+b1792f7da0.jar to classpath.
[00:08:26] [main/DEBUG] (FabricLoader/Knot) Adding C:\Users\Jordon\IdeaProjects\NickBypasser\.gradle\loom-cache\remapped_mods\net_fabricmc_yarn_1_20_2_1_20_2_build_4_v2\net\fabricmc\fabric-api\fabric-models-v0\0.4.5+9386d8a7a0\fabric-models-v0-0.4.5+9386d8a7a0.jar to classpath.
[00:08:26] [main/DEBUG] (FabricLoader/Knot) Adding C:\Users\Jordon\IdeaProjects\NickBypasser\.gradle\loom-cache\remapped_mods\net_fabricmc_yarn_1_20_2_1_20_2_build_4_v2\net\fabricmc\fabric-api\fabric-commands-v0\0.2.54+df3654b3a0\fabric-commands-v0-0.2.54+df3654b3a0.jar to classpath.
[00:08:26] [main/DEBUG] (FabricLoader/Knot) Adding C:\Users\Jordon\IdeaProjects\NickBypasser\.gradle\loom-cache\remapped_mods\net_fabricmc_yarn_1_20_2_1_20_2_build_4_v2\net\fabricmc\fabric-api\fabric-networking-api-v1\3.1.2+95a8ac51a0\fabric-networking-api-v1-3.1.2+95a8ac51a0.jar to classpath.
[00:08:26] [main/DEBUG] (FabricLoader/Knot) Adding C:\Users\Jordon\IdeaProjects\NickBypasser\.gradle\loom-cache\remapped_mods\net_fabricmc_yarn_1_20_2_1_20_2_build_4_v2\net\fabricmc\fabric-api\fabric-gametest-api-v1\1.2.16+b1792f7da0\fabric-gametest-api-v1-1.2.16+b1792f7da0.jar to classpath.
[00:08:26] [main/DEBUG] (FabricLoader/Knot) Adding C:\Users\Jordon\IdeaProjects\NickBypasser\.gradle\loom-cache\remapped_mods\net_fabricmc_yarn_1_20_2_1_20_2_build_4_v2\net\fabricmc\fabric-api\fabric-api-base\0.4.33+fce67b32a0\fabric-api-base-0.4.33+fce67b32a0.jar to classpath.
[00:08:26] [main/DEBUG] (FabricLoader/Knot) Adding C:\Users\Jordon\IdeaProjects\NickBypasser\.gradle\loom-cache\remapped_mods\net_fabricmc_yarn_1_20_2_1_20_2_build_4_v2\net\fabricmc\fabric-api\fabric-resource-loader-v0\0.11.12+b1792f7da0\fabric-resource-loader-v0-0.11.12+b1792f7da0.jar to classpath.
[00:08:26] [main/DEBUG] (FabricLoader/Knot) Adding C:\Users\Jordon\IdeaProjects\NickBypasser\.gradle\loom-cache\remapped_mods\net_fabricmc_yarn_1_20_2_1_20_2_build_4_v2\net\fabricmc\fabric-api\fabric-api-lookup-api-v1\1.6.42+b1792f7da0\fabric-api-lookup-api-v1-1.6.42+b1792f7da0.jar to classpath.
[00:08:26] [main/DEBUG] (FabricLoader/Knot) Adding C:\Users\Jordon\IdeaProjects\NickBypasser\.gradle\loom-cache\remapped_mods\net_fabricmc_yarn_1_20_2_1_20_2_build_4_v2\net\fabricmc\fabric-api\fabric-convention-tags-v1\1.5.8+b1792f7da0\fabric-convention-tags-v1-1.5.8+b1792f7da0.jar to classpath.
[00:08:26] [main/DEBUG] (FabricLoader/Knot) Adding C:\Users\Jordon\IdeaProjects\NickBypasser\.gradle\loom-cache\remapped_mods\net_fabricmc_yarn_1_20_2_1_20_2_build_4_v2\net\fabricmc\fabric-api\fabric-dimensions-v1\2.1.57+b1792f7da0\fabric-dimensions-v1-2.1.57+b1792f7da0.jar to classpath.
[00:08:26] [main/DEBUG] (FabricLoader/Knot) Adding C:\Users\Jordon\IdeaProjects\NickBypasser\.gradle\loom-cache\remapped_mods\net_fabricmc_yarn_1_20_2_1_20_2_build_4_v2\net\fabricmc\fabric-api\fabric-lifecycle-events-v1\2.2.27+b1792f7da0\fabric-lifecycle-events-v1-2.2.27+b1792f7da0.jar to classpath.
[00:08:26] [main/DEBUG] (FabricLoader/Knot) Adding C:\Users\Jordon\IdeaProjects\NickBypasser\.gradle\loom-cache\remapped_mods\net_fabricmc_yarn_1_20_2_1_20_2_build_4_v2\net\fabricmc\fabric-api\fabric-key-binding-api-v1\1.0.38+f4b7e424a0\fabric-key-binding-api-v1-1.0.38+f4b7e424a0.jar to classpath.
[00:08:26] [main/DEBUG] (FabricLoader/Knot) Adding C:\Users\Jordon\IdeaProjects\NickBypasser\.gradle\loom-cache\remapped_mods\net_fabricmc_yarn_1_20_2_1_20_2_build_4_v2\net\fabricmc\fabric-api\fabric-game-rule-api-v1\1.0.42+a44e16a6a0\fabric-game-rule-api-v1-1.0.42+a44e16a6a0.jar to classpath.
[00:08:26] [main/DEBUG] (FabricLoader/Knot) Adding C:\Users\Jordon\IdeaProjects\NickBypasser\.gradle\loom-cache\remapped_mods\net_fabricmc_yarn_1_20_2_1_20_2_build_4_v2\net\fabricmc\fabric-api\fabric-model-loading-api-v1\1.0.6+b1792f7da0\fabric-model-loading-api-v1-1.0.6+b1792f7da0.jar to classpath.
[00:08:26] [main/DEBUG] (FabricLoader/Knot) Adding C:\Users\Jordon\IdeaProjects\NickBypasser\.gradle\loom-cache\remapped_mods\net_fabricmc_yarn_1_20_2_1_20_2_build_4_v2\net\fabricmc\fabric-api\fabric-entity-events-v1\1.5.26+b1792f7da0\fabric-entity-events-v1-1.5.26+b1792f7da0.jar to classpath.
[00:08:26] [main/DEBUG] (FabricLoader/Knot) Adding C:\Users\Jordon\IdeaProjects\NickBypasser\.gradle\loom-cache\remapped_mods\net_fabricmc_yarn_1_20_2_1_20_2_build_4_v2\net\fabricmc\fabric-api\fabric-transfer-api-v1\3.3.12+4944b5a5a0\fabric-transfer-api-v1-3.3.12+4944b5a5a0.jar to classpath.
[00:08:26] [main/DEBUG] (FabricLoader/Knot) Adding C:\Users\Jordon\IdeaProjects\NickBypasser\run\.fabric\processedMods\mixinextras-0.3.2-f9ae6eeeafe4ec19.jar to classpath.
[00:08:26] [main/DEBUG] (FabricLoader/Knot) Adding C:\Users\Jordon\IdeaProjects\NickBypasser\.gradle\loom-cache\remapped_mods\net_fabricmc_yarn_1_20_2_1_20_2_build_4_v2\net\fabricmc\fabric-api\fabric-sound-api-v1\1.0.14+f4b7e424a0\fabric-sound-api-v1-1.0.14+f4b7e424a0.jar to classpath.
[00:08:26] [main/DEBUG] (FabricLoader/Knot) Adding C:\Users\Jordon\IdeaProjects\NickBypasser\.gradle\loom-cache\remapped_mods\net_fabricmc_yarn_1_20_2_1_20_2_build_4_v2\net\fabricmc\fabric-api\fabric-rendering-v1\3.0.11+b1792f7da0\fabric-rendering-v1-3.0.11+b1792f7da0.jar to classpath.
[00:08:26] [main/DEBUG] (FabricLoader/Knot) Adding C:\Users\Jordon\IdeaProjects\NickBypasser\.gradle\loom-cache\remapped_mods\net_fabricmc_yarn_1_20_2_1_20_2_build_4_v2\net\fabricmc\fabric-api\fabric-item-api-v1\2.1.33+b1792f7da0\fabric-item-api-v1-2.1.33+b1792f7da0.jar to classpath.
[00:08:26] [main/DEBUG] (FabricLoader/Knot) Adding C:\Users\Jordon\IdeaProjects\NickBypasser\.gradle\loom-cache\remapped_mods\net_fabricmc_yarn_1_20_2_1_20_2_build_4_v2\net\fabricmc\fabric-api\fabric-particles-v1\1.1.4+f4b7e424a0\fabric-particles-v1-1.1.4+f4b7e424a0.jar to classpath.
[00:08:26] [main/DEBUG] (FabricLoader/Knot) Adding C:\Users\Jordon\IdeaProjects\NickBypasser\.gradle\loom-cache\remapped_mods\net_fabricmc_yarn_1_20_2_1_20_2_build_4_v2\net\fabricmc\fabric-api\fabric-events-interaction-v0\0.6.10+b1792f7da0\fabric-events-interaction-v0-0.6.10+b1792f7da0.jar to classpath.
[00:08:26] [main/DEBUG] (FabricLoader/Knot) Adding C:\Users\Jordon\IdeaProjects\NickBypasser\.gradle\loom-cache\remapped_mods\net_fabricmc_yarn_1_20_2_1_20_2_build_4_v2\net\fabricmc\fabric-api\fabric-command-api-v1\1.2.37+f71b366fa0\fabric-command-api-v1-1.2.37+f71b366fa0.jar to classpath.
[00:08:26] [main/DEBUG] (FabricLoader/Knot) Adding C:\Users\Jordon\IdeaProjects\NickBypasser\.gradle\loom-cache\remapped_mods\net_fabricmc_yarn_1_20_2_1_20_2_build_4_v2\net\fabricmc\fabric-api\fabric-command-api-v2\2.2.16+b1792f7da0\fabric-command-api-v2-2.2.16+b1792f7da0.jar to classpath.
[00:08:26] [main/DEBUG] (FabricLoader/Knot) Adding C:\Users\Jordon\IdeaProjects\NickBypasser\.gradle\loom-cache\remapped_mods\net_fabricmc_yarn_1_20_2_1_20_2_build_4_v2\net\fabricmc\fabric-api\fabric-message-api-v1\6.0.2+e3d2bf3fa0\fabric-message-api-v1-6.0.2+e3d2bf3fa0.jar to classpath.
[00:08:26] [main/DEBUG] (FabricLoader/Knot) Adding C:\Users\Jordon\IdeaProjects\NickBypasser\.gradle\loom-cache\remapped_mods\net_fabricmc_yarn_1_20_2_1_20_2_build_4_v2\net\fabricmc\fabric-api\fabric-mining-level-api-v1\2.1.55+f4b7e424a0\fabric-mining-level-api-v1-2.1.55+f4b7e424a0.jar to classpath.
[00:08:26] [main/DEBUG] (FabricLoader/Knot) Adding C:\Users\Jordon\IdeaProjects\NickBypasser\.gradle\loom-cache\remapped_mods\net_fabricmc_yarn_1_20_2_1_20_2_build_4_v2\net\fabricmc\fabric-api\fabric-crash-report-info-v1\0.2.20+f4b7e424a0\fabric-crash-report-info-v1-0.2.20+f4b7e424a0.jar to classpath.
[00:08:26] [main/DEBUG] (FabricLoader/Knot) Adding C:\Users\Jordon\IdeaProjects\NickBypasser\.gradle\loom-cache\remapped_mods\net_fabricmc_yarn_1_20_2_1_20_2_build_4_v2\net\fabricmc\fabric-api\fabric-transitive-access-wideners-v1\5.0.3+fce67b32a0\fabric-transitive-access-wideners-v1-5.0.3+fce67b32a0.jar to classpath.
[00:08:26] [main/DEBUG] (FabricLoader/Knot) Adding C:\Users\Jordon\IdeaProjects\NickBypasser\.gradle\loom-cache\remapped_mods\net_fabricmc_yarn_1_20_2_1_20_2_build_4_v2\net\fabricmc\fabric-api\fabric-rendering-v0\1.1.52+df3654b3a0\fabric-rendering-v0-1.1.52+df3654b3a0.jar to classpath.
[00:08:26] [main/DEBUG] (FabricLoader/Knot) Adding C:\Users\Jordon\IdeaProjects\NickBypasser\.gradle\loom-cache\remapped_mods\net_fabricmc_yarn_1_20_2_1_20_2_build_4_v2\net\fabricmc\fabric-api\fabric-client-tags-api-v1\1.1.4+86b12645a0\fabric-client-tags-api-v1-1.1.4+86b12645a0.jar to classpath.
[00:08:26] [main/DEBUG] (FabricLoader/Knot) Adding C:\Users\Jordon\IdeaProjects\NickBypasser\.gradle\loom-cache\remapped_mods\net_fabricmc_yarn_1_20_2_1_20_2_build_4_v2\net\fabricmc\fabric-api\fabric-data-generation-api-v1\13.1.8+b1792f7da0\fabric-data-generation-api-v1-13.1.8+b1792f7da0.jar to classpath.
[00:08:26] [main/DEBUG] (FabricLoader/Knot) Adding C:\Users\Jordon\IdeaProjects\NickBypasser\.gradle\loom-cache\remapped_mods\net_fabricmc_yarn_1_20_2_1_20_2_build_4_v2\net\fabricmc\fabric-api\fabric-screen-api-v1\2.0.12+b1792f7da0\fabric-screen-api-v1-2.0.12+b1792f7da0.jar to classpath.
[00:08:26] [main/DEBUG] (FabricLoader/Knot) Adding C:\Users\Jordon\IdeaProjects\NickBypasser\.gradle\loom-cache\remapped_mods\net_fabricmc_yarn_1_20_2_1_20_2_build_4_v2\net\fabricmc\fabric-api\fabric-rendering-fluids-v1\3.0.30+f4b7e424a0\fabric-rendering-fluids-v1-3.0.30+f4b7e424a0.jar to classpath.
[00:08:26] [main/DEBUG] (FabricLoader/Knot) Adding C:\Users\Jordon\IdeaProjects\NickBypasser\.gradle\loom-cache\remapped_mods\net_fabricmc_yarn_1_20_2_1_20_2_build_4_v2\net\fabricmc\fabric-api\fabric-resource-conditions-api-v1\2.3.11+239dafd8a0\fabric-resource-conditions-api-v1-2.3.11+239dafd8a0.jar to classpath.
[00:08:26] [main/DEBUG] (FabricLoader/Knot) Adding C:\Users\Jordon\IdeaProjects\NickBypasser\.gradle\loom-cache\remapped_mods\net_fabricmc_yarn_1_20_2_1_20_2_build_4_v2\net\fabricmc\fabric-api\fabric-biome-api-v1\13.0.14+b1792f7da0\fabric-biome-api-v1-13.0.14+b1792f7da0.jar to classpath.
[00:08:26] [main/DEBUG] (FabricLoader/Entrypoint) Registering new-style initializer net.fabricmc.fabric.impl.recipe.ingredient.client.CustomIngredientSyncClient for mod fabric-recipe-api-v1 (key client)
[00:08:26] [main/DEBUG] (FabricLoader/Entrypoint) Registering new-style initializer net.fabricmc.fabric.impl.recipe.ingredient.CustomIngredientInit for mod fabric-recipe-api-v1 (key main)
[00:08:26] [main/DEBUG] (FabricLoader/Entrypoint) Registering new-style initializer net.fabricmc.fabric.impl.recipe.ingredient.CustomIngredientSync for mod fabric-recipe-api-v1 (key main)
[00:08:26] [main/DEBUG] (FabricLoader/Entrypoint) Registering new-style initializer net.fabricmc.fabric.impl.client.container.ScreenProviderRegistryImpl::init for mod fabric-containers-v0 (key client)
[00:08:26] [main/DEBUG] (FabricLoader/Entrypoint) Registering new-style initializer net.fabricmc.fabric.impl.client.registry.sync.FabricRegistryClientInit for mod fabric-registry-sync-v0 (key client)
[00:08:26] [main/DEBUG] (FabricLoader/Entrypoint) Registering new-style initializer net.fabricmc.fabric.impl.registry.sync.FabricRegistryInit for mod fabric-registry-sync-v0 (key main)
[00:08:26] [main/DEBUG] (FabricLoader/Entrypoint) Registering new-style initializer net.fabricmc.fabric.impl.client.indigo.Indigo for mod fabric-renderer-indigo (key client)
[00:08:26] [main/DEBUG] (FabricLoader/Entrypoint) Registering new-style initializer net.fabricmc.fabric.impl.event.lifecycle.v0.client.LegacyClientEventInvokers for mod fabric-events-lifecycle-v0 (key client)
[00:08:26] [main/DEBUG] (FabricLoader/Entrypoint) Registering new-style initializer net.fabricmc.fabric.impl.event.lifecycle.v0.LegacyEventInvokers for mod fabric-events-lifecycle-v0 (key main)
[00:08:26] [main/DEBUG] (FabricLoader/Entrypoint) Registering new-style initializer me.onlyjordon.nickbypasser.client.NickBypasser for mod staffmod (key client)
[00:08:26] [main/DEBUG] (FabricLoader/Entrypoint) Registering new-style initializer net.fabricmc.fabric.impl.screenhandler.client.ClientNetworking for mod fabric-screen-handler-api-v1 (key client)
[00:08:26] [main/DEBUG] (FabricLoader/Entrypoint) Registering new-style initializer net.fabricmc.fabric.impl.networking.client.ClientNetworkingImpl::clientInit for mod fabric-networking-api-v1 (key client)
[00:08:26] [main/DEBUG] (FabricLoader/Entrypoint) Registering new-style initializer net.fabricmc.fabric.impl.networking.CommonPacketsImpl::init for mod fabric-networking-api-v1 (key main)
[00:08:26] [main/DEBUG] (FabricLoader/Entrypoint) Registering new-style initializer net.fabricmc.fabric.impl.gametest.FabricGameTestModInitializer for mod fabric-gametest-api-v1 (key main)
[00:08:26] [main/DEBUG] (FabricLoader/Entrypoint) Registering new-style initializer net.fabricmc.fabric.impl.lookup.ApiLookupImpl for mod fabric-api-lookup-api-v1 (key main)
[00:08:26] [main/DEBUG] (FabricLoader/Entrypoint) Registering new-style initializer net.fabricmc.fabric.impl.client.event.lifecycle.ClientLifecycleEventsImpl for mod fabric-lifecycle-events-v1 (key client)
[00:08:26] [main/DEBUG] (FabricLoader/Entrypoint) Registering new-style initializer net.fabricmc.fabric.impl.event.lifecycle.LifecycleEventsImpl for mod fabric-lifecycle-events-v1 (key main)
[00:08:26] [main/DEBUG] (FabricLoader/Entrypoint) Registering new-style initializer net.fabricmc.fabric.impl.event.interaction.InteractionEventsRouterClient for mod fabric-events-interaction-v0 (key client)
[00:08:26] [main/DEBUG] (FabricLoader/Entrypoint) Registering new-style initializer net.fabricmc.fabric.impl.event.interaction.InteractionEventsRouter for mod fabric-events-interaction-v0 (key main)
[00:08:26] [main/DEBUG] (FabricLoader/Entrypoint) Registering new-style initializer net.fabricmc.fabric.impl.command.v1.LegacyHandler for mod fabric-command-api-v1 (key main)
[00:08:26] [main/DEBUG] (FabricLoader/Entrypoint) Registering new-style initializer net.fabricmc.fabric.impl.client.rendering.v0.RenderingCallbackInvoker for mod fabric-rendering-v0 (key client)
[00:08:26] [main/INFO] (FabricLoader/Mixin) SpongePowered MIXIN Subsystem Version=0.8.5 Source=file:/C:/Users/Jordon/.gradle/caches/modules-2/files-2.1/net.fabricmc/sponge-mixin/0.12.5+mixin.0.8.5/8d31fb97c3e0cd7c8dad3441851c523bcfae6d8e/sponge-mixin-0.12.5+mixin.0.8.5.jar Service=Knot/Fabric Env=CLIENT
[00:08:26] [main/DEBUG] (FabricLoader/Mixin) Error cleaning class output directory: .mixin.out
[00:08:26] [main/DEBUG] (FabricLoader/Mixin) Initialising Mixin Platform Manager
[00:08:26] [main/DEBUG] (FabricLoader/Mixin) Adding mixin platform agents for container ContainerHandleURI(file:///C:/Users/Jordon/.gradle/caches/modules-2/files-2.1/net.fabricmc/fabric-loader/0.15.3/2ca88d3e40732dabca6dd01178ac04c3d675fecc/fabric-loader-0.15.3.jar)
[00:08:26] [main/DEBUG] (FabricLoader/Mixin) Instancing new MixinPlatformAgentDefault for ContainerHandleURI(file:///C:/Users/Jordon/.gradle/caches/modules-2/files-2.1/net.fabricmc/fabric-loader/0.15.3/2ca88d3e40732dabca6dd01178ac04c3d675fecc/fabric-loader-0.15.3.jar)
[00:08:26] [main/DEBUG] (FabricLoader/Mixin) MixinPlatformAgentDefault accepted container ContainerHandleURI(file:///C:/Users/Jordon/.gradle/caches/modules-2/files-2.1/net.fabricmc/fabric-loader/0.15.3/2ca88d3e40732dabca6dd01178ac04c3d675fecc/fabric-loader-0.15.3.jar)
[00:08:26] [main/DEBUG] (FabricLoader/Mixin) Instancing new MixinPlatformAgentDefault for ContainerHandleURI(file:///C:/Users/Jordon/.gradle/caches/modules-2/files-2.1/net.fabricmc/fabric-loader/0.15.3/2ca88d3e40732dabca6dd01178ac04c3d675fecc/fabric-loader-0.15.3.jar)
[00:08:26] [main/DEBUG] (FabricLoader/Mixin) MixinPlatformAgentDefault accepted container ContainerHandleURI(file:///C:/Users/Jordon/.gradle/caches/modules-2/files-2.1/net.fabricmc/fabric-loader/0.15.3/2ca88d3e40732dabca6dd01178ac04c3d675fecc/fabric-loader-0.15.3.jar)
[00:08:26] [main/DEBUG] (FabricLoader/Mixin) Processing prepare() for PlatformAgent[MixinPlatformAgentDefault:ContainerHandleURI(file:///C:/Users/Jordon/.gradle/caches/modules-2/files-2.1/net.fabricmc/fabric-loader/0.15.3/2ca88d3e40732dabca6dd01178ac04c3d675fecc/fabric-loader-0.15.3.jar)]
[00:08:26] [main/DEBUG] (FabricLoader/Mixin) Processing prepare() for PlatformAgent[MixinPlatformAgentDefault:ContainerHandleURI(file:///C:/Users/Jordon/.gradle/caches/modules-2/files-2.1/net.fabricmc/fabric-loader/0.15.3/2ca88d3e40732dabca6dd01178ac04c3d675fecc/fabric-loader-0.15.3.jar)]
[00:08:26] [main/INFO] (FabricLoader/Mixin) Loaded Fabric development mappings for mixin remapper!
[00:08:26] [main/DEBUG] (FabricLoader/Mixin) Compatibility level JAVA_17 specified by fabric-recipe-api-v1.mixins.json is higher than the maximum level supported by this version of mixin (JAVA_13).
[00:08:26] [main/INFO] (FabricLoader/Mixin) Compatibility level set to JAVA_17
[00:08:26] [main/DEBUG] (FabricLoader/Mixin) Mixin config fabric-recipe-api-v1.mixins.json does not specify "minVersion" property
[00:08:26] [main/DEBUG] (FabricLoader/Mixin) Compatibility level JAVA_16 specified by fabric-containers-v0.mixins.json is higher than the maximum level supported by this version of mixin (JAVA_13).
[00:08:26] [main/DEBUG] (FabricLoader/Mixin) Mixin config fabric-containers-v0.mixins.json does not specify "minVersion" property
[00:08:26] [main/DEBUG] (FabricLoader/Mixin) Compatibility level JAVA_16 specified by fabric-containers-v0.accurate.mixins.json is higher than the maximum level supported by this version of mixin (JAVA_13).
[00:08:26] [main/DEBUG] (FabricLoader/Mixin) Mixin config fabric-containers-v0.accurate.mixins.json does not specify "minVersion" property
[00:08:26] [main/DEBUG] (FabricLoader/Mixin) Compatibility level JAVA_16 specified by fabric-registry-sync-v0.mixins.json is higher than the maximum level supported by this version of mixin (JAVA_13).
[00:08:26] [main/DEBUG] (FabricLoader/Mixin) Mixin config fabric-registry-sync-v0.mixins.json does not specify "minVersion" property
[00:08:26] [main/DEBUG] (FabricLoader/Mixin) Compatibility level JAVA_16 specified by fabric-registry-sync-v0.client.mixins.json is higher than the maximum level supported by this version of mixin (JAVA_13).
[00:08:26] [main/DEBUG] (FabricLoader/Mixin) Mixin config fabric-registry-sync-v0.client.mixins.json does not specify "minVersion" property
[00:08:26] [main/DEBUG] (FabricLoader/Mixin) Compatibility level JAVA_16 specified by fabric-object-builder-v1.mixins.json is higher than the maximum level supported by this version of mixin (JAVA_13).
[00:08:26] [main/DEBUG] (FabricLoader/Mixin) Mixin config fabric-object-builder-v1.mixins.json does not specify "minVersion" property
[00:08:26] [main/DEBUG] (FabricLoader/Mixin) Compatibility level JAVA_16 specified by fabric-object-builder-v1.client.mixins.json is higher than the maximum level supported by this version of mixin (JAVA_13).
[00:08:26] [main/DEBUG] (FabricLoader/Mixin) Mixin config fabric-object-builder-v1.client.mixins.json does not specify "minVersion" property
[00:08:26] [main/DEBUG] (FabricLoader/Mixin) Mixin config fabric-item-group-api-v1.mixins.json does not specify "minVersion" property
[00:08:26] [main/DEBUG] (FabricLoader/Mixin) Mixin config fabric-item-group-api-v1.client.mixins.json does not specify "minVersion" property
[00:08:26] [main/DEBUG] (FabricLoader/Mixin) Mixin config fabric-block-api-v1.mixins.json does not specify "minVersion" property
[00:08:26] [main/DEBUG] (FabricLoader/Mixin) Compatibility level JAVA_16 specified by fabric-blockrenderlayer-v1.mixins.json is higher than the maximum level supported by this version of mixin (JAVA_13).
[00:08:26] [main/DEBUG] (FabricLoader/Mixin) Mixin config fabric-blockrenderlayer-v1.mixins.json does not specify "minVersion" property
[00:08:26] [main/DEBUG] (FabricLoader/Mixin) Mixin config fabric-block-view-api-v2.mixins.json does not specify "minVersion" property
[00:08:26] [main/DEBUG] (FabricLoader/Mixin) Mixin config fabric-block-view-api-v2.client.mixins.json does not specify "minVersion" property
[00:08:26] [main/DEBUG] (FabricLoader/Mixin) Compatibility level JAVA_16 specified by fabric-content-registries-v0.mixins.json is higher than the maximum level supported by this version of mixin (JAVA_13).
[00:08:26] [main/DEBUG] (FabricLoader/Mixin) Mixin config fabric-content-registries-v0.mixins.json does not specify "minVersion" property
[00:08:26] [main/DEBUG] (FabricLoader/Mixin) Compatibility level JAVA_16 specified by fabric-renderer-api-v1.mixins.json is higher than the maximum level supported by this version of mixin (JAVA_13).
[00:08:26] [main/DEBUG] (FabricLoader/Mixin) Mixin config fabric-renderer-api-v1.mixins.json does not specify "minVersion" property
[00:08:26] [main/DEBUG] (FabricLoader/Mixin) Compatibility level JAVA_16 specified by fabric-renderer-api-v1.debughud.mixins.json is higher than the maximum level supported by this version of mixin (JAVA_13).
[00:08:26] [main/DEBUG] (FabricLoader/Mixin) Mixin config fabric-renderer-api-v1.debughud.mixins.json does not specify "minVersion" property
[00:08:26] [main/DEBUG] (FabricLoader/Mixin) Compatibility level JAVA_16 specified by fabric-renderer-indigo.mixins.json is higher than the maximum level supported by this version of mixin (JAVA_13).
[00:08:26] [main/DEBUG] (FabricLoader/Mixin) Mixin config fabric-renderer-indigo.mixins.json does not specify "minVersion" property
[00:08:26] [main/DEBUG] (FabricLoader/Mixin) Mixin config fabric-loot-api-v2.mixins.json does not specify "minVersion" property
[00:08:26] [main/DEBUG] (FabricLoader/Mixin) Mixin config fabric-rendering-data-attachment-v1.mixins.json does not specify "minVersion" property
[00:08:26] [main/DEBUG] (FabricLoader/Mixin) Mixin config fabric-rendering-data-attachment-v1.client.mixins.json does not specify "minVersion" property
[00:08:26] [main/DEBUG] (FabricLoader/Mixin) Compatibility level JAVA_16 specified by fabric-screen-handler-api-v1.mixins.json is higher than the maximum level supported by this version of mixin (JAVA_13).
[00:08:26] [main/DEBUG] (FabricLoader/Mixin) Mixin config fabric-screen-handler-api-v1.mixins.json does not specify "minVersion" property
[00:08:26] [main/DEBUG] (FabricLoader/Mixin) Compatibility level JAVA_16 specified by fabric-networking-api-v1.mixins.json is higher than the maximum level supported by this version of mixin (JAVA_13).
[00:08:26] [main/DEBUG] (FabricLoader/Mixin) Mixin config fabric-networking-api-v1.mixins.json does not specify "minVersion" property
[00:08:26] [main/DEBUG] (FabricLoader/Mixin) Compatibility level JAVA_16 specified by fabric-networking-api-v1.client.mixins.json is higher than the maximum level supported by this version of mixin (JAVA_13).
[00:08:26] [main/DEBUG] (FabricLoader/Mixin) Mixin config fabric-networking-api-v1.client.mixins.json does not specify "minVersion" property
[00:08:26] [main/DEBUG] (FabricLoader/Mixin) Compatibility level JAVA_16 specified by fabric-gametest-api-v1.mixins.json is higher than the maximum level supported by this version of mixin (JAVA_13).
[00:08:26] [main/DEBUG] (FabricLoader/Mixin) Mixin config fabric-gametest-api-v1.mixins.json does not specify "minVersion" property
[00:08:26] [main/DEBUG] (FabricLoader/Mixin) Compatibility level JAVA_16 specified by fabric-resource-loader-v0.mixins.json is higher than the maximum level supported by this version of mixin (JAVA_13).
[00:08:26] [main/DEBUG] (FabricLoader/Mixin) Mixin config fabric-resource-loader-v0.mixins.json does not specify "minVersion" property
[00:08:26] [main/DEBUG] (FabricLoader/Mixin) Compatibility level JAVA_16 specified by fabric-resource-loader-v0.client.mixins.json is higher than the maximum level supported by this version of mixin (JAVA_13).
[00:08:26] [main/DEBUG] (FabricLoader/Mixin) Mixin config fabric-resource-loader-v0.client.mixins.json does not specify "minVersion" property
[00:08:26] [main/DEBUG] (FabricLoader/Mixin) Compatibility level JAVA_16 specified by fabric-api-lookup-api-v1.mixins.json is higher than the maximum level supported by this version of mixin (JAVA_13).
[00:08:26] [main/DEBUG] (FabricLoader/Mixin) Mixin config fabric-api-lookup-api-v1.mixins.json does not specify "minVersion" property
[00:08:26] [main/DEBUG] (FabricLoader/Mixin) Compatibility level JAVA_16 specified by fabric-dimensions-v1.mixins.json is higher than the maximum level supported by this version of mixin (JAVA_13).
[00:08:26] [main/DEBUG] (FabricLoader/Mixin) Mixin config fabric-dimensions-v1.mixins.json does not specify "minVersion" property
[00:08:26] [main/DEBUG] (FabricLoader/Mixin) Compatibility level JAVA_16 specified by fabric-lifecycle-events-v1.mixins.json is higher than the maximum level supported by this version of mixin (JAVA_13).
[00:08:26] [main/DEBUG] (FabricLoader/Mixin) Mixin config fabric-lifecycle-events-v1.mixins.json does not specify "minVersion" property
[00:08:26] [main/DEBUG] (FabricLoader/Mixin) Compatibility level JAVA_16 specified by fabric-lifecycle-events-v1.client.mixins.json is higher than the maximum level supported by this version of mixin (JAVA_13).
[00:08:26] [main/DEBUG] (FabricLoader/Mixin) Mixin config fabric-lifecycle-events-v1.client.mixins.json does not specify "minVersion" property
[00:08:26] [main/DEBUG] (FabricLoader/Mixin) Compatibility level JAVA_16 specified by fabric-key-binding-api-v1.mixins.json is higher than the maximum level supported by this version of mixin (JAVA_13).
[00:08:26] [main/DEBUG] (FabricLoader/Mixin) Mixin config fabric-key-binding-api-v1.mixins.json does not specify "minVersion" property
[00:08:26] [main/DEBUG] (FabricLoader/Mixin) Compatibility level JAVA_16 specified by fabric-game-rule-api-v1.mixins.json is higher than the maximum level supported by this version of mixin (JAVA_13).
[00:08:26] [main/DEBUG] (FabricLoader/Mixin) Mixin config fabric-game-rule-api-v1.mixins.json does not specify "minVersion" property
[00:08:26] [main/DEBUG] (FabricLoader/Mixin) Compatibility level JAVA_16 specified by fabric-game-rule-api-v1.client.mixins.json is higher than the maximum level supported by this version of mixin (JAVA_13).
[00:08:26] [main/DEBUG] (FabricLoader/Mixin) Mixin config fabric-game-rule-api-v1.client.mixins.json does not specify "minVersion" property
[00:08:26] [main/DEBUG] (FabricLoader/Mixin) Mixin config fabric-model-loading-api-v1.mixins.json does not specify "minVersion" property
[00:08:26] [main/DEBUG] (FabricLoader/Mixin) Compatibility level JAVA_16 specified by fabric-entity-events-v1.mixins.json is higher than the maximum level supported by this version of mixin (JAVA_13).
[00:08:26] [main/DEBUG] (FabricLoader/Mixin) Mixin config fabric-entity-events-v1.mixins.json does not specify "minVersion" property
[00:08:26] [main/DEBUG] (FabricLoader/Mixin) Compatibility level JAVA_16 specified by fabric-entity-events-v1.client.mixins.json is higher than the maximum level supported by this version of mixin (JAVA_13).
[00:08:26] [main/DEBUG] (FabricLoader/Mixin) Mixin config fabric-entity-events-v1.client.mixins.json does not specify "minVersion" property
[00:08:26] [main/DEBUG] (FabricLoader/Mixin) Compatibility level JAVA_16 specified by fabric-transfer-api-v1.mixins.json is higher than the maximum level supported by this version of mixin (JAVA_13).
[00:08:26] [main/DEBUG] (FabricLoader/Mixin) Mixin config fabric-transfer-api-v1.mixins.json does not specify "minVersion" property
[00:08:26] [main/DEBUG] (FabricLoader/Mixin) Mixin config fabric-sound-api-v1.mixins.json does not specify "minVersion" property
[00:08:26] [main/DEBUG] (FabricLoader/Mixin) Compatibility level JAVA_16 specified by fabric-rendering-v1.mixins.json is higher than the maximum level supported by this version of mixin (JAVA_13).
[00:08:26] [main/DEBUG] (FabricLoader/Mixin) Mixin config fabric-rendering-v1.mixins.json does not specify "minVersion" property
[00:08:26] [main/DEBUG] (FabricLoader/Mixin) Compatibility level JAVA_16 specified by fabric-item-api-v1.mixins.json is higher than the maximum level supported by this version of mixin (JAVA_13).
[00:08:26] [main/DEBUG] (FabricLoader/Mixin) Mixin config fabric-item-api-v1.mixins.json does not specify "minVersion" property
[00:08:26] [main/DEBUG] (FabricLoader/Mixin) Compatibility level JAVA_16 specified by fabric-item-api-v1.client.mixins.json is higher than the maximum level supported by this version of mixin (JAVA_13).
[00:08:26] [main/DEBUG] (FabricLoader/Mixin) Mixin config fabric-item-api-v1.client.mixins.json does not specify "minVersion" property
[00:08:26] [main/DEBUG] (FabricLoader/Mixin) Compatibility level JAVA_16 specified by fabric-particles-v1.client.mixins.json is higher than the maximum level supported by this version of mixin (JAVA_13).
[00:08:26] [main/DEBUG] (FabricLoader/Mixin) Mixin config fabric-particles-v1.client.mixins.json does not specify "minVersion" property
[00:08:26] [main/DEBUG] (FabricLoader/Mixin) Compatibility level JAVA_16 specified by fabric-events-interaction-v0.mixins.json is higher than the maximum level supported by this version of mixin (JAVA_13).
[00:08:26] [main/DEBUG] (FabricLoader/Mixin) Mixin config fabric-events-interaction-v0.mixins.json does not specify "minVersion" property
[00:08:26] [main/DEBUG] (FabricLoader/Mixin) Compatibility level JAVA_16 specified by fabric-events-interaction-v0.client.mixins.json is higher than the maximum level supported by this version of mixin (JAVA_13).
[00:08:26] [main/DEBUG] (FabricLoader/Mixin) Mixin config fabric-events-interaction-v0.client.mixins.json does not specify "minVersion" property
[00:08:26] [main/DEBUG] (FabricLoader/Mixin) Compatibility level JAVA_16 specified by fabric-command-api-v2.mixins.json is higher than the maximum level supported by this version of mixin (JAVA_13).
[00:08:26] [main/DEBUG] (FabricLoader/Mixin) Mixin config fabric-command-api-v2.mixins.json does not specify "minVersion" property
[00:08:26] [main/DEBUG] (FabricLoader/Mixin) Compatibility level JAVA_16 specified by fabric-command-api-v2.client.mixins.json is higher than the maximum level supported by this version of mixin (JAVA_13).
[00:08:26] [main/DEBUG] (FabricLoader/Mixin) Mixin config fabric-command-api-v2.client.mixins.json does not specify "minVersion" property
[00:08:26] [main/DEBUG] (FabricLoader/Mixin) Compatibility level JAVA_16 specified by fabric-message-api-v1.mixins.json is higher than the maximum level supported by this version of mixin (JAVA_13).
[00:08:26] [main/DEBUG] (FabricLoader/Mixin) Mixin config fabric-message-api-v1.mixins.json does not specify "minVersion" property
[00:08:26] [main/DEBUG] (FabricLoader/Mixin) Mixin config fabric-message-api-v1.client.mixins.json does not specify "minVersion" property
[00:08:26] [main/DEBUG] (FabricLoader/Mixin) Compatibility level JAVA_16 specified by fabric-mining-level-api-v1.mixins.json is higher than the maximum level supported by this version of mixin (JAVA_13).
[00:08:26] [main/DEBUG] (FabricLoader/Mixin) Mixin config fabric-mining-level-api-v1.mixins.json does not specify "minVersion" property
[00:08:26] [main/DEBUG] (FabricLoader/Mixin) Compatibility level JAVA_16 specified by fabric-crash-report-info-v1.mixins.json is higher than the maximum level supported by this version of mixin (JAVA_13).
[00:08:26] [main/DEBUG] (FabricLoader/Mixin) Mixin config fabric-crash-report-info-v1.mixins.json does not specify "minVersion" property
[00:08:26] [main/DEBUG] (FabricLoader/Mixin) Compatibility level JAVA_16 specified by fabric-data-generation-api-v1.mixins.json is higher than the maximum level supported by this version of mixin (JAVA_13).
[00:08:26] [main/DEBUG] (FabricLoader/Mixin) Mixin config fabric-data-generation-api-v1.mixins.json does not specify "minVersion" property
[00:08:26] [main/DEBUG] (FabricLoader/Mixin) Compatibility level JAVA_16 specified by fabric-data-generation-api-v1.client.mixins.json is higher than the maximum level supported by this version of mixin (JAVA_13).
[00:08:26] [main/DEBUG] (FabricLoader/Mixin) Mixin config fabric-data-generation-api-v1.client.mixins.json does not specify "minVersion" property
[00:08:26] [main/DEBUG] (FabricLoader/Mixin) Compatibility level JAVA_16 specified by fabric-screen-api-v1.mixins.json is higher than the maximum level supported by this version of mixin (JAVA_13).
[00:08:26] [main/DEBUG] (FabricLoader/Mixin) Mixin config fabric-screen-api-v1.mixins.json does not specify "minVersion" property
[00:08:26] [main/DEBUG] (FabricLoader/Mixin) Compatibility level JAVA_16 specified by fabric-rendering-fluids-v1.mixins.json is higher than the maximum level supported by this version of mixin (JAVA_13).
[00:08:26] [main/DEBUG] (FabricLoader/Mixin) Mixin config fabric-rendering-fluids-v1.mixins.json does not specify "minVersion" property
[00:08:26] [main/DEBUG] (FabricLoader/Mixin) Compatibility level JAVA_16 specified by fabric-resource-conditions-api-v1.mixins.json is higher than the maximum level supported by this version of mixin (JAVA_13).
[00:08:26] [main/DEBUG] (FabricLoader/Mixin) Mixin config fabric-resource-conditions-api-v1.mixins.json does not specify "minVersion" property
[00:08:26] [main/DEBUG] (FabricLoader/Mixin) Compatibility level JAVA_16 specified by fabric-biome-api-v1.mixins.json is higher than the maximum level supported by this version of mixin (JAVA_13).
[00:08:26] [main/DEBUG] (FabricLoader/Mixin) Mixin config fabric-biome-api-v1.mixins.json does not specify "minVersion" property
[00:08:26] [main/DEBUG] (FabricLoader/Knot) Adding C:\Users\Jordon\IdeaProjects\NickBypasser\.gradle\loom-cache\minecraftMaven\net\minecraft\minecraft-merged-project-root\1.20.2-net.fabricmc.yarn.1_20_2.1.20.2+build.4-v2\minecraft-merged-project-root-1.20.2-net.fabricmc.yarn.1_20_2.1.20.2+build.4-v2.jar to classpath.
[00:08:26] [main/DEBUG] (FabricLoader/Knot) Adding C:\Users\Jordon\IdeaProjects\NickBypasser\build\classes\java\main to classpath.
[00:08:26] [main/DEBUG] (FabricLoader/Knot) Adding C:\Users\Jordon\IdeaProjects\NickBypasser\build\resources\main to classpath.
[00:08:26] [main/DEBUG] (FabricLoader/Knot) Adding C:\Users\Jordon\.gradle\caches\modules-2\files-2.1\com.github.oshi\oshi-core\6.4.5\943ba26de047eb6b28fff47f5ee939a34eb5fc8e\oshi-core-6.4.5.jar to classpath.
[00:08:26] [main/DEBUG] (FabricLoader/Knot) Adding C:\Users\Jordon\.gradle\caches\modules-2\files-2.1\com.google.guava\failureaccess\1.0.1\1dcf1de382a0bf95a3d8b0849546c88bac1292c9\failureaccess-1.0.1.jar to classpath.
[00:08:26] [main/DEBUG] (FabricLoader/Knot) Adding C:\Users\Jordon\.gradle\caches\modules-2\files-2.1\com.google.guava\guava\32.1.2-jre\5e64ec7e056456bef3a4bc4c6fdaef71e8ab6318\guava-32.1.2-jre.jar to classpath.
[00:08:26] [main/DEBUG] (FabricLoader/Knot) Adding C:\Users\Jordon\.gradle\caches\modules-2\files-2.1\com.ibm.icu\icu4j\73.2\61ad4ef7f9131fcf6d25c34b817f90d6da06c9e9\icu4j-73.2.jar to classpath.
[00:08:26] [main/DEBUG] (FabricLoader/Knot) Adding C:\Users\Jordon\.gradle\caches\modules-2\files-2.1\com.mojang\blocklist\1.0.10\5c685c5ffa94c4cd39496c7184c1d122e515ecef\blocklist-1.0.10.jar to classpath.
[00:08:26] [main/DEBUG] (FabricLoader/Knot) Adding C:\Users\Jordon\.gradle\caches\modules-2\files-2.1\com.mojang\brigadier\1.1.8\5244ce82c3337bba4a196a3ce858bfaecc74404a\brigadier-1.1.8.jar to classpath.
[00:08:26] [main/DEBUG] (FabricLoader/Knot) Adding C:\Users\Jordon\.gradle\caches\modules-2\files-2.1\com.mojang\datafixerupper\6.0.8\3ba4a30557a9b057760af4011f909ba619fc5125\datafixerupper-6.0.8.jar to classpath.
[00:08:26] [main/DEBUG] (FabricLoader/Knot) Adding C:\Users\Jordon\.gradle\caches\modules-2\files-2.1\com.mojang\patchy\2.2.10\da05971b07cbb379d002cf7eaec6a2048211fefc\patchy-2.2.10.jar to classpath.
[00:08:26] [main/DEBUG] (FabricLoader/Knot) Adding C:\Users\Jordon\.gradle\caches\modules-2\files-2.1\com.mojang\text2speech\1.17.9\3cad216e3a7f0c19b4b394388bc9ffc446f13b14\text2speech-1.17.9.jar to classpath.
[00:08:26] [main/DEBUG] (FabricLoader/Knot) Adding C:\Users\Jordon\.gradle\caches\modules-2\files-2.1\commons-codec\commons-codec\1.16.0\4e3eb3d79888d76b54e28b350915b5dc3919c9de\commons-codec-1.16.0.jar to classpath.
[00:08:26] [main/DEBUG] (FabricLoader/Knot) Adding C:\Users\Jordon\.gradle\caches\modules-2\files-2.1\commons-io\commons-io\2.13.0\8bb2bc9b4df17e2411533a0708a69f983bf5e83b\commons-io-2.13.0.jar to classpath.
[00:08:26] [main/DEBUG] (FabricLoader/Knot) Adding C:\Users\Jordon\.gradle\caches\modules-2\files-2.1\commons-logging\commons-logging\1.2\4bfc12adfe4842bf07b657f0369c4cb522955686\commons-logging-1.2.jar to classpath.
[00:08:26] [main/DEBUG] (FabricLoader/Knot) Adding C:\Users\Jordon\.gradle\caches\modules-2\files-2.1\io.netty\netty-buffer\4.1.97.Final\f8f3d8644afa5e6e1a40a3a6aeb9d9aa970ecb4f\netty-buffer-4.1.97.Final.jar to classpath.
[00:08:26] [main/DEBUG] (FabricLoader/Knot) Adding C:\Users\Jordon\.gradle\caches\modules-2\files-2.1\io.netty\netty-codec\4.1.97.Final\384ba4d75670befbedb45c4d3b497a93639c206d\netty-codec-4.1.97.Final.jar to classpath.
[00:08:26] [main/DEBUG] (FabricLoader/Knot) Adding C:\Users\Jordon\.gradle\caches\modules-2\files-2.1\io.netty\netty-common\4.1.97.Final\7cceacaf11df8dc63f23d0fb58e9d4640fc88404\netty-common-4.1.97.Final.jar to classpath.
[00:08:26] [main/DEBUG] (FabricLoader/Knot) Adding C:\Users\Jordon\.gradle\caches\modules-2\files-2.1\io.netty\netty-handler\4.1.97.Final\abb86c6906bf512bf2b797a41cd7d2e8d3cd7c36\netty-handler-4.1.97.Final.jar to classpath.
[00:08:26] [main/DEBUG] (FabricLoader/Knot) Adding C:\Users\Jordon\.gradle\caches\modules-2\files-2.1\io.netty\netty-resolver\4.1.97.Final\cec8348108dc76c47cf87c669d514be52c922144\netty-resolver-4.1.97.Final.jar to classpath.
[00:08:26] [main/DEBUG] (FabricLoader/Knot) Adding C:\Users\Jordon\.gradle\caches\modules-2\files-2.1\io.netty\netty-transport-classes-epoll\4.1.97.Final\795da37ded759e862457a82d9d92c4d39ce8ecee\netty-transport-classes-epoll-4.1.97.Final.jar to classpath.
[00:08:26] [main/DEBUG] (FabricLoader/Knot) Adding C:\Users\Jordon\.gradle\caches\modules-2\files-2.1\io.netty\netty-transport-native-unix-common\4.1.97.Final\d469d84265ab70095b01b40886cabdd433b6e664\netty-transport-native-unix-common-4.1.97.Final.jar to classpath.
[00:08:26] [main/DEBUG] (FabricLoader/Knot) Adding C:\Users\Jordon\.gradle\caches\modules-2\files-2.1\io.netty\netty-transport\4.1.97.Final\f37380d23c9bb079bc702910833b2fd532c9abd0\netty-transport-4.1.97.Final.jar to classpath.
[00:08:26] [main/DEBUG] (FabricLoader/Knot) Adding C:\Users\Jordon\.gradle\caches\modules-2\files-2.1\it.unimi.dsi\fastutil\8.5.12\c24946d46824bd528054bface3231d2ecb7e95e8\fastutil-8.5.12.jar to classpath.
[00:08:26] [main/DEBUG] (FabricLoader/Knot) Adding C:\Users\Jordon\.gradle\caches\modules-2\files-2.1\net.java.dev.jna\jna-platform\5.13.0\88e9a306715e9379f3122415ef4ae759a352640d\jna-platform-5.13.0.jar to classpath.
[00:08:26] [main/DEBUG] (FabricLoader/Knot) Adding C:\Users\Jordon\.gradle\caches\modules-2\files-2.1\net.java.dev.jna\jna\5.13.0\1200e7ebeedbe0d10062093f32925a912020e747\jna-5.13.0.jar to classpath.
[00:08:26] [main/DEBUG] (FabricLoader/Knot) Adding C:\Users\Jordon\.gradle\caches\modules-2\files-2.1\net.sf.jopt-simple\jopt-simple\5.0.4\4fdac2fbe92dfad86aa6e9301736f6b4342a3f5c\jopt-simple-5.0.4.jar to classpath.
[00:08:26] [main/DEBUG] (FabricLoader/Knot) Adding C:\Users\Jordon\.gradle\caches\modules-2\files-2.1\org.apache.commons\commons-compress\1.22\691a8b4e6cf4248c3bc72c8b719337d5cb7359fa\commons-compress-1.22.jar to classpath.
[00:08:26] [main/DEBUG] (FabricLoader/Knot) Adding C:\Users\Jordon\.gradle\caches\modules-2\files-2.1\org.apache.commons\commons-lang3\3.13.0\b7263237aa89c1f99b327197c41d0669707a462e\commons-lang3-3.13.0.jar to classpath.
[00:08:26] [main/DEBUG] (FabricLoader/Knot) Adding C:\Users\Jordon\.gradle\caches\modules-2\files-2.1\org.apache.httpcomponents\httpclient\4.5.13\e5f6cae5ca7ecaac1ec2827a9e2d65ae2869cada\httpclient-4.5.13.jar to classpath.
[00:08:26] [main/DEBUG] (FabricLoader/Knot) Adding C:\Users\Jordon\.gradle\caches\modules-2\files-2.1\org.apache.httpcomponents\httpcore\4.4.16\51cf043c87253c9f58b539c9f7e44c8894223850\httpcore-4.4.16.jar to classpath.
[00:08:26] [main/DEBUG] (FabricLoader/Knot) Adding C:\Users\Jordon\.gradle\caches\modules-2\files-2.1\org.joml\joml\1.10.5\22566d58af70ad3d72308bab63b8339906deb649\joml-1.10.5.jar to classpath.
[00:08:26] [main/DEBUG] (FabricLoader/Knot) Adding C:\Users\Jordon\.gradle\caches\modules-2\files-2.1\org.lwjgl\lwjgl-glfw\3.3.2\757920418805fb90bfebb3d46b1d9e7669fca2eb\lwjgl-glfw-3.3.2.jar to classpath.
[00:08:26] [main/DEBUG] (FabricLoader/Knot) Adding C:\Users\Jordon\.gradle\caches\modules-2\files-2.1\org.lwjgl\lwjgl-jemalloc\3.3.2\877e17e39ebcd58a9c956dc3b5b777813de0873a\lwjgl-jemalloc-3.3.2.jar to classpath.
[00:08:26] [main/DEBUG] (FabricLoader/Knot) Adding C:\Users\Jordon\.gradle\caches\modules-2\files-2.1\org.lwjgl\lwjgl-openal\3.3.2\ae5357ed6d934546d3533993ea84c0cfb75eed95\lwjgl-openal-3.3.2.jar to classpath.
[00:08:26] [main/DEBUG] (FabricLoader/Knot) Adding C:\Users\Jordon\.gradle\caches\modules-2\files-2.1\org.lwjgl\lwjgl-opengl\3.3.2\ee8e95be0b438602038bc1f02dc5e3d011b1b216\lwjgl-opengl-3.3.2.jar to classpath.
[00:08:26] [main/DEBUG] (FabricLoader/Knot) Adding C:\Users\Jordon\.gradle\caches\modules-2\files-2.1\org.lwjgl\lwjgl-stb\3.3.2\a2550795014d622b686e9caac50b14baa87d2c70\lwjgl-stb-3.3.2.jar to classpath.
[00:08:26] [main/DEBUG] (FabricLoader/Knot) Adding C:\Users\Jordon\.gradle\caches\modules-2\files-2.1\org.lwjgl\lwjgl-tinyfd\3.3.2\9f65c248dd77934105274fcf8351abb75b34327c\lwjgl-tinyfd-3.3.2.jar to classpath.
[00:08:26] [main/DEBUG] (FabricLoader/Knot) Adding C:\Users\Jordon\.gradle\caches\modules-2\files-2.1\org.lwjgl\lwjgl\3.3.2\4421d94af68e35dcaa31737a6fc59136a1e61b94\lwjgl-3.3.2.jar to classpath.
[00:08:26] [main/DEBUG] (FabricLoader/Knot) Adding C:\Users\Jordon\.gradle\caches\modules-2\files-2.1\io.netty\netty-transport-native-epoll\4.1.97.Final\5514744c588190ffda076b35a9b8c9f24946a960\netty-transport-native-epoll-4.1.97.Final-linux-aarch_64.jar to classpath.
[00:08:26] [main/DEBUG] (FabricLoader/Knot) Adding C:\Users\Jordon\.gradle\caches\modules-2\files-2.1\io.netty\netty-transport-native-epoll\4.1.97.Final\54188f271e388e7f313aea995e82f58ce2cdb809\netty-transport-native-epoll-4.1.97.Final-linux-x86_64.jar to classpath.
[00:08:26] [main/DEBUG] (FabricLoader/Knot) Adding C:\Users\Jordon\IdeaProjects\NickBypasser\.gradle\loom-cache\remapped_mods\net_fabricmc_yarn_1_20_2_1_20_2_build_4_v2\net\fabricmc\fabric-api\fabric-api\0.91.2+1.20.2\fabric-api-0.91.2+1.20.2.jar to classpath.
[00:08:26] [main/DEBUG] (FabricLoader/Knot) Adding C:\Users\Jordon\IdeaProjects\NickBypasser\.gradle\loom-cache\remapped_mods\net_fabricmc_yarn_1_20_2_1_20_2_build_4_v2\net\fabricmc\fabric-api\fabric-transfer-api-v1\3.3.12+4944b5a5a0\fabric-transfer-api-v1-3.3.12+4944b5a5a0.jar to classpath.
[00:08:26] [main/DEBUG] (FabricLoader/Knot) Adding C:\Users\Jordon\IdeaProjects\NickBypasser\.gradle\loom-cache\remapped_mods\net_fabricmc_yarn_1_20_2_1_20_2_build_4_v2\net\fabricmc\fabric-api\fabric-api-lookup-api-v1\1.6.42+b1792f7da0\fabric-api-lookup-api-v1-1.6.42+b1792f7da0.jar to classpath.
[00:08:26] [main/DEBUG] (FabricLoader/Knot) Adding C:\Users\Jordon\IdeaProjects\NickBypasser\.gradle\loom-cache\remapped_mods\net_fabricmc_yarn_1_20_2_1_20_2_build_4_v2\net\fabricmc\fabric-api\fabric-blockrenderlayer-v1\1.1.43+f4b7e424a0\fabric-blockrenderlayer-v1-1.1.43+f4b7e424a0.jar to classpath.
[00:08:26] [main/DEBUG] (FabricLoader/Knot) Adding C:\Users\Jordon\IdeaProjects\NickBypasser\.gradle\loom-cache\remapped_mods\net_fabricmc_yarn_1_20_2_1_20_2_build_4_v2\net\fabricmc\fabric-api\fabric-client-tags-api-v1\1.1.4+86b12645a0\fabric-client-tags-api-v1-1.1.4+86b12645a0.jar to classpath.
[00:08:26] [main/DEBUG] (FabricLoader/Knot) Adding C:\Users\Jordon\IdeaProjects\NickBypasser\.gradle\loom-cache\remapped_mods\net_fabricmc_yarn_1_20_2_1_20_2_build_4_v2\net\fabricmc\fabric-api\fabric-command-api-v1\1.2.37+f71b366fa0\fabric-command-api-v1-1.2.37+f71b366fa0.jar to classpath.
[00:08:26] [main/DEBUG] (FabricLoader/Knot) Adding C:\Users\Jordon\IdeaProjects\NickBypasser\.gradle\loom-cache\remapped_mods\net_fabricmc_yarn_1_20_2_1_20_2_build_4_v2\net\fabricmc\fabric-api\fabric-commands-v0\0.2.54+df3654b3a0\fabric-commands-v0-0.2.54+df3654b3a0.jar to classpath.
[00:08:26] [main/DEBUG] (FabricLoader/Knot) Adding C:\Users\Jordon\IdeaProjects\NickBypasser\.gradle\loom-cache\remapped_mods\net_fabricmc_yarn_1_20_2_1_20_2_build_4_v2\net\fabricmc\fabric-api\fabric-command-api-v2\2.2.16+b1792f7da0\fabric-command-api-v2-2.2.16+b1792f7da0.jar to classpath.
[00:08:26] [main/DEBUG] (FabricLoader/Knot) Adding C:\Users\Jordon\IdeaProjects\NickBypasser\.gradle\loom-cache\remapped_mods\net_fabricmc_yarn_1_20_2_1_20_2_build_4_v2\net\fabricmc\fabric-api\fabric-content-registries-v0\5.0.5+b1792f7da0\fabric-content-registries-v0-5.0.5+b1792f7da0.jar to classpath.
[00:08:26] [main/DEBUG] (FabricLoader/Knot) Adding C:\Users\Jordon\IdeaProjects\NickBypasser\.gradle\loom-cache\remapped_mods\net_fabricmc_yarn_1_20_2_1_20_2_build_4_v2\net\fabricmc\fabric-api\fabric-convention-tags-v1\1.5.8+b1792f7da0\fabric-convention-tags-v1-1.5.8+b1792f7da0.jar to classpath.
[00:08:26] [main/DEBUG] (FabricLoader/Knot) Adding C:\Users\Jordon\IdeaProjects\NickBypasser\.gradle\loom-cache\remapped_mods\net_fabricmc_yarn_1_20_2_1_20_2_build_4_v2\net\fabricmc\fabric-api\fabric-data-generation-api-v1\13.1.8+b1792f7da0\fabric-data-generation-api-v1-13.1.8+b1792f7da0.jar to classpath.
[00:08:26] [main/DEBUG] (FabricLoader/Knot) Adding C:\Users\Jordon\IdeaProjects\NickBypasser\.gradle\loom-cache\remapped_mods\net_fabricmc_yarn_1_20_2_1_20_2_build_4_v2\net\fabricmc\fabric-api\fabric-dimensions-v1\2.1.57+b1792f7da0\fabric-dimensions-v1-2.1.57+b1792f7da0.jar to classpath.
[00:08:26] [main/DEBUG] (FabricLoader/Knot) Adding C:\Users\Jordon\IdeaProjects\NickBypasser\.gradle\loom-cache\remapped_mods\net_fabricmc_yarn_1_20_2_1_20_2_build_4_v2\net\fabricmc\fabric-api\fabric-entity-events-v1\1.5.26+b1792f7da0\fabric-entity-events-v1-1.5.26+b1792f7da0.jar to classpath.
[00:08:26] [main/DEBUG] (FabricLoader/Knot) Adding C:\Users\Jordon\IdeaProjects\NickBypasser\.gradle\loom-cache\remapped_mods\net_fabricmc_yarn_1_20_2_1_20_2_build_4_v2\net\fabricmc\fabric-api\fabric-events-interaction-v0\0.6.10+b1792f7da0\fabric-events-interaction-v0-0.6.10+b1792f7da0.jar to classpath.
[00:08:26] [main/DEBUG] (FabricLoader/Knot) Adding C:\Users\Jordon\IdeaProjects\NickBypasser\.gradle\loom-cache\remapped_mods\net_fabricmc_yarn_1_20_2_1_20_2_build_4_v2\net\fabricmc\fabric-api\fabric-gametest-api-v1\1.2.16+b1792f7da0\fabric-gametest-api-v1-1.2.16+b1792f7da0.jar to classpath.
[00:08:26] [main/DEBUG] (FabricLoader/Knot) Adding C:\Users\Jordon\IdeaProjects\NickBypasser\.gradle\loom-cache\remapped_mods\net_fabricmc_yarn_1_20_2_1_20_2_build_4_v2\net\fabricmc\fabric-api\fabric-events-lifecycle-v0\0.2.69+df3654b3a0\fabric-events-lifecycle-v0-0.2.69+df3654b3a0.jar to classpath.
[00:08:26] [main/DEBUG] (FabricLoader/Knot) Adding C:\Users\Jordon\IdeaProjects\NickBypasser\.gradle\loom-cache\remapped_mods\net_fabricmc_yarn_1_20_2_1_20_2_build_4_v2\net\fabricmc\fabric-api\fabric-item-api-v1\2.1.33+b1792f7da0\fabric-item-api-v1-2.1.33+b1792f7da0.jar to classpath.
[00:08:26] [main/DEBUG] (FabricLoader/Knot) Adding C:\Users\Jordon\IdeaProjects\NickBypasser\.gradle\loom-cache\remapped_mods\net_fabricmc_yarn_1_20_2_1_20_2_build_4_v2\net\fabricmc\fabric-api\fabric-item-group-api-v1\4.0.15+e3d2bf3fa0\fabric-item-group-api-v1-4.0.15+e3d2bf3fa0.jar to classpath.
[00:08:26] [main/DEBUG] (FabricLoader/Knot) Adding C:\Users\Jordon\IdeaProjects\NickBypasser\.gradle\loom-cache\remapped_mods\net_fabricmc_yarn_1_20_2_1_20_2_build_4_v2\net\fabricmc\fabric-api\fabric-mining-level-api-v1\2.1.55+f4b7e424a0\fabric-mining-level-api-v1-2.1.55+f4b7e424a0.jar to classpath.
[00:08:26] [main/DEBUG] (FabricLoader/Knot) Adding C:\Users\Jordon\IdeaProjects\NickBypasser\.gradle\loom-cache\remapped_mods\net_fabricmc_yarn_1_20_2_1_20_2_build_4_v2\net\fabricmc\fabric-api\fabric-lifecycle-events-v1\2.2.27+b1792f7da0\fabric-lifecycle-events-v1-2.2.27+b1792f7da0.jar to classpath.
[00:08:26] [main/DEBUG] (FabricLoader/Knot) Adding C:\Users\Jordon\IdeaProjects\NickBypasser\.gradle\loom-cache\remapped_mods\net_fabricmc_yarn_1_20_2_1_20_2_build_4_v2\net\fabricmc\fabric-api\fabric-loot-api-v2\2.1.1+3ba460fba0\fabric-loot-api-v2-2.1.1+3ba460fba0.jar to classpath.
[00:08:26] [main/DEBUG] (FabricLoader/Knot) Adding C:\Users\Jordon\IdeaProjects\NickBypasser\.gradle\loom-cache\remapped_mods\net_fabricmc_yarn_1_20_2_1_20_2_build_4_v2\net\fabricmc\fabric-api\fabric-message-api-v1\6.0.2+e3d2bf3fa0\fabric-message-api-v1-6.0.2+e3d2bf3fa0.jar to classpath.
[00:08:26] [main/DEBUG] (FabricLoader/Knot) Adding C:\Users\Jordon\IdeaProjects\NickBypasser\.gradle\loom-cache\remapped_mods\net_fabricmc_yarn_1_20_2_1_20_2_build_4_v2\net\fabricmc\fabric-api\fabric-models-v0\0.4.5+9386d8a7a0\fabric-models-v0-0.4.5+9386d8a7a0.jar to classpath.
[00:08:26] [main/DEBUG] (FabricLoader/Knot) Adding C:\Users\Jordon\IdeaProjects\NickBypasser\.gradle\loom-cache\remapped_mods\net_fabricmc_yarn_1_20_2_1_20_2_build_4_v2\net\fabricmc\fabric-api\fabric-model-loading-api-v1\1.0.6+b1792f7da0\fabric-model-loading-api-v1-1.0.6+b1792f7da0.jar to classpath.
[00:08:26] [main/DEBUG] (FabricLoader/Knot) Adding C:\Users\Jordon\IdeaProjects\NickBypasser\.gradle\loom-cache\remapped_mods\net_fabricmc_yarn_1_20_2_1_20_2_build_4_v2\net\fabricmc\fabric-api\fabric-recipe-api-v1\2.0.11+52b3ebe5a0\fabric-recipe-api-v1-2.0.11+52b3ebe5a0.jar to classpath.
[00:08:26] [main/DEBUG] (FabricLoader/Knot) Adding C:\Users\Jordon\IdeaProjects\NickBypasser\.gradle\loom-cache\remapped_mods\net_fabricmc_yarn_1_20_2_1_20_2_build_4_v2\net\fabricmc\fabric-api\fabric-registry-sync-v0\4.0.9+b1792f7da0\fabric-registry-sync-v0-4.0.9+b1792f7da0.jar to classpath.
[00:08:26] [main/DEBUG] (FabricLoader/Knot) Adding C:\Users\Jordon\IdeaProjects\NickBypasser\.gradle\loom-cache\remapped_mods\net_fabricmc_yarn_1_20_2_1_20_2_build_4_v2\net\fabricmc\fabric-api\fabric-screen-handler-api-v1\1.3.44+b1792f7da0\fabric-screen-handler-api-v1-1.3.44+b1792f7da0.jar to classpath.
[00:08:26] [main/DEBUG] (FabricLoader/Knot) Adding C:\Users\Jordon\IdeaProjects\NickBypasser\.gradle\loom-cache\remapped_mods\net_fabricmc_yarn_1_20_2_1_20_2_build_4_v2\net\fabricmc\fabric-api\fabric-containers-v0\0.1.78+df3654b3a0\fabric-containers-v0-0.1.78+df3654b3a0.jar to classpath.
[00:08:26] [main/DEBUG] (FabricLoader/Knot) Adding C:\Users\Jordon\IdeaProjects\NickBypasser\.gradle\loom-cache\remapped_mods\net_fabricmc_yarn_1_20_2_1_20_2_build_4_v2\net\fabricmc\fabric-api\fabric-networking-api-v1\3.1.2+95a8ac51a0\fabric-networking-api-v1-3.1.2+95a8ac51a0.jar to classpath.
[00:08:26] [main/DEBUG] (FabricLoader/Knot) Adding C:\Users\Jordon\IdeaProjects\NickBypasser\.gradle\loom-cache\remapped_mods\net_fabricmc_yarn_1_20_2_1_20_2_build_4_v2\net\fabricmc\fabric-api\fabric-object-builder-api-v1\12.1.2+2ff98d3ba0\fabric-object-builder-api-v1-12.1.2+2ff98d3ba0.jar to classpath.
[00:08:26] [main/DEBUG] (FabricLoader/Knot) Adding C:\Users\Jordon\IdeaProjects\NickBypasser\.gradle\loom-cache\remapped_mods\net_fabricmc_yarn_1_20_2_1_20_2_build_4_v2\net\fabricmc\fabric-api\fabric-particles-v1\1.1.4+f4b7e424a0\fabric-particles-v1-1.1.4+f4b7e424a0.jar to classpath.
[00:08:26] [main/DEBUG] (FabricLoader/Knot) Adding C:\Users\Jordon\IdeaProjects\NickBypasser\.gradle\loom-cache\remapped_mods\net_fabricmc_yarn_1_20_2_1_20_2_build_4_v2\net\fabricmc\fabric-api\fabric-renderer-indigo\1.5.1+2034447ca0\fabric-renderer-indigo-1.5.1+2034447ca0.jar to classpath.
[00:08:26] [main/DEBUG] (FabricLoader/Knot) Adding C:\Users\Jordon\IdeaProjects\NickBypasser\.gradle\loom-cache\remapped_mods\net_fabricmc_yarn_1_20_2_1_20_2_build_4_v2\net\fabricmc\fabric-api\fabric-renderer-api-v1\3.2.1+2034447ca0\fabric-renderer-api-v1-3.2.1+2034447ca0.jar to classpath.
[00:08:26] [main/DEBUG] (FabricLoader/Knot) Adding C:\Users\Jordon\IdeaProjects\NickBypasser\.gradle\loom-cache\remapped_mods\net_fabricmc_yarn_1_20_2_1_20_2_build_4_v2\net\fabricmc\fabric-api\fabric-rendering-fluids-v1\3.0.30+f4b7e424a0\fabric-rendering-fluids-v1-3.0.30+f4b7e424a0.jar to classpath.
[00:08:26] [main/DEBUG] (FabricLoader/Knot) Adding C:\Users\Jordon\IdeaProjects\NickBypasser\.gradle\loom-cache\remapped_mods\net_fabricmc_yarn_1_20_2_1_20_2_build_4_v2\net\fabricmc\fabric-api\fabric-renderer-registries-v1\3.2.49+df3654b3a0\fabric-renderer-registries-v1-3.2.49+df3654b3a0.jar to classpath.
[00:08:26] [main/DEBUG] (FabricLoader/Knot) Adding C:\Users\Jordon\IdeaProjects\NickBypasser\.gradle\loom-cache\remapped_mods\net_fabricmc_yarn_1_20_2_1_20_2_build_4_v2\net\fabricmc\fabric-api\fabric-rendering-v0\1.1.52+df3654b3a0\fabric-rendering-v0-1.1.52+df3654b3a0.jar to classpath.
[00:08:26] [main/DEBUG] (FabricLoader/Knot) Adding C:\Users\Jordon\IdeaProjects\NickBypasser\.gradle\loom-cache\remapped_mods\net_fabricmc_yarn_1_20_2_1_20_2_build_4_v2\net\fabricmc\fabric-api\fabric-rendering-v1\3.0.11+b1792f7da0\fabric-rendering-v1-3.0.11+b1792f7da0.jar to classpath.
[00:08:26] [main/DEBUG] (FabricLoader/Knot) Adding C:\Users\Jordon\IdeaProjects\NickBypasser\.gradle\loom-cache\remapped_mods\net_fabricmc_yarn_1_20_2_1_20_2_build_4_v2\net\fabricmc\fabric-api\fabric-screen-api-v1\2.0.12+b1792f7da0\fabric-screen-api-v1-2.0.12+b1792f7da0.jar to classpath.
[00:08:26] [main/DEBUG] (FabricLoader/Knot) Adding C:\Users\Jordon\IdeaProjects\NickBypasser\.gradle\loom-cache\remapped_mods\net_fabricmc_yarn_1_20_2_1_20_2_build_4_v2\net\fabricmc\fabric-api\fabric-api-base\0.4.33+fce67b32a0\fabric-api-base-0.4.33+fce67b32a0.jar to classpath.
[00:08:26] [main/DEBUG] (FabricLoader/Knot) Adding C:\Users\Jordon\IdeaProjects\NickBypasser\.gradle\loom-cache\remapped_mods\net_fabricmc_yarn_1_20_2_1_20_2_build_4_v2\net\fabricmc\fabric-api\fabric-biome-api-v1\13.0.14+b1792f7da0\fabric-biome-api-v1-13.0.14+b1792f7da0.jar to classpath.
[00:08:26] [main/DEBUG] (FabricLoader/Knot) Adding C:\Users\Jordon\IdeaProjects\NickBypasser\.gradle\loom-cache\remapped_mods\net_fabricmc_yarn_1_20_2_1_20_2_build_4_v2\net\fabricmc\fabric-api\fabric-block-api-v1\1.0.12+73761d2ea0\fabric-block-api-v1-1.0.12+73761d2ea0.jar to classpath.
[00:08:26] [main/DEBUG] (FabricLoader/Knot) Adding C:\Users\Jordon\IdeaProjects\NickBypasser\.gradle\loom-cache\remapped_mods\net_fabricmc_yarn_1_20_2_1_20_2_build_4_v2\net\fabricmc\fabric-api\fabric-rendering-data-attachment-v1\0.3.39+73761d2ea0\fabric-rendering-data-attachment-v1-0.3.39+73761d2ea0.jar to classpath.
[00:08:26] [main/DEBUG] (FabricLoader/Knot) Adding C:\Users\Jordon\IdeaProjects\NickBypasser\.gradle\loom-cache\remapped_mods\net_fabricmc_yarn_1_20_2_1_20_2_build_4_v2\net\fabricmc\fabric-api\fabric-block-view-api-v2\1.0.1+73761d2ea0\fabric-block-view-api-v2-1.0.1+73761d2ea0.jar to classpath.
[00:08:26] [main/DEBUG] (FabricLoader/Knot) Adding C:\Users\Jordon\IdeaProjects\NickBypasser\.gradle\loom-cache\remapped_mods\net_fabricmc_yarn_1_20_2_1_20_2_build_4_v2\net\fabricmc\fabric-api\fabric-crash-report-info-v1\0.2.20+f4b7e424a0\fabric-crash-report-info-v1-0.2.20+f4b7e424a0.jar to classpath.
[00:08:26] [main/DEBUG] (FabricLoader/Knot) Adding C:\Users\Jordon\IdeaProjects\NickBypasser\.gradle\loom-cache\remapped_mods\net_fabricmc_yarn_1_20_2_1_20_2_build_4_v2\net\fabricmc\fabric-api\fabric-game-rule-api-v1\1.0.42+a44e16a6a0\fabric-game-rule-api-v1-1.0.42+a44e16a6a0.jar to classpath.
[00:08:26] [main/DEBUG] (FabricLoader/Knot) Adding C:\Users\Jordon\IdeaProjects\NickBypasser\.gradle\loom-cache\remapped_mods\net_fabricmc_yarn_1_20_2_1_20_2_build_4_v2\net\fabricmc\fabric-api\fabric-keybindings-v0\0.2.36+df3654b3a0\fabric-keybindings-v0-0.2.36+df3654b3a0.jar to classpath.
[00:08:26] [main/DEBUG] (FabricLoader/Knot) Adding C:\Users\Jordon\IdeaProjects\NickBypasser\.gradle\loom-cache\remapped_mods\net_fabricmc_yarn_1_20_2_1_20_2_build_4_v2\net\fabricmc\fabric-api\fabric-key-binding-api-v1\1.0.38+f4b7e424a0\fabric-key-binding-api-v1-1.0.38+f4b7e424a0.jar to classpath.
[00:08:26] [main/DEBUG] (FabricLoader/Knot) Adding C:\Users\Jordon\IdeaProjects\NickBypasser\.gradle\loom-cache\remapped_mods\net_fabricmc_yarn_1_20_2_1_20_2_build_4_v2\net\fabricmc\fabric-api\fabric-resource-conditions-api-v1\2.3.11+239dafd8a0\fabric-resource-conditions-api-v1-2.3.11+239dafd8a0.jar to classpath.
[00:08:26] [main/DEBUG] (FabricLoader/Knot) Adding C:\Users\Jordon\IdeaProjects\NickBypasser\.gradle\loom-cache\remapped_mods\net_fabricmc_yarn_1_20_2_1_20_2_build_4_v2\net\fabricmc\fabric-api\fabric-resource-loader-v0\0.11.12+b1792f7da0\fabric-resource-loader-v0-0.11.12+b1792f7da0.jar to classpath.
[00:08:26] [main/DEBUG] (FabricLoader/Knot) Adding C:\Users\Jordon\IdeaProjects\NickBypasser\.gradle\loom-cache\remapped_mods\net_fabricmc_yarn_1_20_2_1_20_2_build_4_v2\net\fabricmc\fabric-api\fabric-sound-api-v1\1.0.14+f4b7e424a0\fabric-sound-api-v1-1.0.14+f4b7e424a0.jar to classpath.
[00:08:26] [main/DEBUG] (FabricLoader/Knot) Adding C:\Users\Jordon\IdeaProjects\NickBypasser\.gradle\loom-cache\remapped_mods\net_fabricmc_yarn_1_20_2_1_20_2_build_4_v2\net\fabricmc\fabric-api\fabric-transitive-access-wideners-v1\5.0.3+fce67b32a0\fabric-transitive-access-wideners-v1-5.0.3+fce67b32a0.jar to classpath.
[00:08:26] [main/DEBUG] (FabricLoader/Knot) Adding C:\Users\Jordon\.gradle\caches\fabric-loom\1.20.2\net.fabricmc.yarn.1_20_2.1.20.2+build.4-v2\mappings.jar to classpath.
[00:08:26] [main/DEBUG] (FabricLoader/Knot) Adding C:\Users\Jordon\.gradle\caches\modules-2\files-2.1\net.fabricmc\dev-launch-injector\0.2.1+build.8\da8bef7e6e2f952da707f282bdb46882a0fce5e3\dev-launch-injector-0.2.1+build.8.jar to classpath.
[00:08:26] [main/DEBUG] (FabricLoader/Knot) Adding C:\Users\Jordon\.gradle\caches\modules-2\files-2.1\org.lwjgl\lwjgl-glfw\3.3.2\1251e3cb7e5d6159334cfb9244f789ce992f03b\lwjgl-glfw-3.3.2-natives-windows.jar to classpath.
[00:08:26] [main/DEBUG] (FabricLoader/Knot) Adding C:\Users\Jordon\.gradle\caches\modules-2\files-2.1\org.lwjgl\lwjgl-glfw\3.3.2\e79c4857a887bd79ba78bdf2d422a7d333028a2d\lwjgl-glfw-3.3.2-natives-windows-arm64.jar to classpath.
[00:08:26] [main/DEBUG] (FabricLoader/Knot) Adding C:\Users\Jordon\.gradle\caches\modules-2\files-2.1\org.lwjgl\lwjgl-glfw\3.3.2\17e1f9ec031ef72c2f7825c38eeb3a79c4d8bb17\lwjgl-glfw-3.3.2-natives-windows-x86.jar to classpath.
[00:08:26] [main/DEBUG] (FabricLoader/Knot) Adding C:\Users\Jordon\.gradle\caches\modules-2\files-2.1\org.lwjgl\lwjgl-jemalloc\3.3.2\db886c1f9e313c3fa2a25543b99ccd250d3f9fb5\lwjgl-jemalloc-3.3.2-natives-windows.jar to classpath.
[00:08:26] [main/DEBUG] (FabricLoader/Knot) Adding C:\Users\Jordon\.gradle\caches\modules-2\files-2.1\org.lwjgl\lwjgl-jemalloc\3.3.2\598790de603c286dbc4068b27829eacc37592786\lwjgl-jemalloc-3.3.2-natives-windows-arm64.jar to classpath.
[00:08:26] [main/DEBUG] (FabricLoader/Knot) Adding C:\Users\Jordon\.gradle\caches\modules-2\files-2.1\org.lwjgl\lwjgl-jemalloc\3.3.2\9b07558f81a5d54dfaeb861bab3ccc86bb4477c9\lwjgl-jemalloc-3.3.2-natives-windows-x86.jar to classpath.
[00:08:26] [main/DEBUG] (FabricLoader/Knot) Adding C:\Users\Jordon\.gradle\caches\modules-2\files-2.1\org.lwjgl\lwjgl-openal\3.3.2\e74f299a602192faaf14b917632e4cbbb493c940\lwjgl-openal-3.3.2-natives-windows.jar to classpath.
[00:08:26] [main/DEBUG] (FabricLoader/Knot) Adding C:\Users\Jordon\.gradle\caches\modules-2\files-2.1\org.lwjgl\lwjgl-openal\3.3.2\545ddec7959007a78b6662d616e00dacf00e1c29\lwjgl-openal-3.3.2-natives-windows-arm64.jar to classpath.
[00:08:26] [main/DEBUG] (FabricLoader/Knot) Adding C:\Users\Jordon\.gradle\caches\modules-2\files-2.1\org.lwjgl\lwjgl-openal\3.3.2\21fcb44d32ccf101017ec939fc740197677557d5\lwjgl-openal-3.3.2-natives-windows-x86.jar to classpath.
[00:08:26] [main/DEBUG] (FabricLoader/Knot) Adding C:\Users\Jordon\.gradle\caches\modules-2\files-2.1\org.lwjgl\lwjgl-opengl\3.3.2\83cd34469d4e0bc335bf74c7f62206530a9480bf\lwjgl-opengl-3.3.2-natives-windows.jar to classpath.
[00:08:26] [main/DEBUG] (FabricLoader/Knot) Adding C:\Users\Jordon\.gradle\caches\modules-2\files-2.1\org.lwjgl\lwjgl-opengl\3.3.2\21df035bf03dbf5001f92291b24dc951da513481\lwjgl-opengl-3.3.2-natives-windows-arm64.jar to classpath.
[00:08:26] [main/DEBUG] (FabricLoader/Knot) Adding C:\Users\Jordon\.gradle\caches\modules-2\files-2.1\org.lwjgl\lwjgl-opengl\3.3.2\22fa4149159154b24f6c1bd46a342d4958a9fba1\lwjgl-opengl-3.3.2-natives-windows-x86.jar to classpath.
[00:08:26] [main/DEBUG] (FabricLoader/Knot) Adding C:\Users\Jordon\.gradle\caches\modules-2\files-2.1\org.lwjgl\lwjgl-stb\3.3.2\1c4f4b8353bdb78c5264ab921436f03fc9aa1ba5\lwjgl-stb-3.3.2-natives-windows.jar to classpath.
[00:08:26] [main/DEBUG] (FabricLoader/Knot) Adding C:\Users\Jordon\.gradle\caches\modules-2\files-2.1\org.lwjgl\lwjgl-stb\3.3.2\c29df97c3cca97dc00d34e171936153764c9f78b\lwjgl-stb-3.3.2-natives-windows-arm64.jar to classpath.
[00:08:26] [main/DEBUG] (FabricLoader/Knot) Adding C:\Users\Jordon\.gradle\caches\modules-2\files-2.1\org.lwjgl\lwjgl-stb\3.3.2\a0de7bde6722fa68d25ba6afbd7395508c53c730\lwjgl-stb-3.3.2-natives-windows-x86.jar to classpath.
[00:08:26] [main/DEBUG] (FabricLoader/Knot) Adding C:\Users\Jordon\.gradle\caches\modules-2\files-2.1\org.lwjgl\lwjgl-tinyfd\3.3.2\54a93ed247d20007a6f579355263fdc2c030753a\lwjgl-tinyfd-3.3.2-natives-windows.jar to classpath.
[00:08:26] [main/DEBUG] (FabricLoader/Knot) Adding C:\Users\Jordon\.gradle\caches\modules-2\files-2.1\org.lwjgl\lwjgl-tinyfd\3.3.2\500f5daa3b731ca282d4b90aeafda94c528d3e27\lwjgl-tinyfd-3.3.2-natives-windows-arm64.jar to classpath.
[00:08:26] [main/DEBUG] (FabricLoader/Knot) Adding C:\Users\Jordon\.gradle\caches\modules-2\files-2.1\org.lwjgl\lwjgl-tinyfd\3.3.2\c1dfa1c438e0262453e7bf625289540e5cbffb2\lwjgl-tinyfd-3.3.2-natives-windows-x86.jar to classpath.
[00:08:26] [main/DEBUG] (FabricLoader/Knot) Adding C:\Users\Jordon\.gradle\caches\modules-2\files-2.1\org.lwjgl\lwjgl\3.3.2\a55169ced70ffcd15f2162daf4a9c968578f6cd5\lwjgl-3.3.2-natives-windows.jar to classpath.
[00:08:26] [main/DEBUG] (FabricLoader/Knot) Adding C:\Users\Jordon\.gradle\caches\modules-2\files-2.1\org.lwjgl\lwjgl\3.3.2\d900e4678449ba97ff46fa64b22e0376bf8cd00e\lwjgl-3.3.2-natives-windows-arm64.jar to classpath.
[00:08:26] [main/DEBUG] (FabricLoader/Knot) Adding C:\Users\Jordon\.gradle\caches\modules-2\files-2.1\org.lwjgl\lwjgl\3.3.2\ed495259b2c8f068794da0ffedfa7ae7c130b3c5\lwjgl-3.3.2-natives-windows-x86.jar to classpath.
[00:08:26] [main/DEBUG] (FabricLoader/Knot) Adding C:\Users\Jordon\.gradle\caches\modules-2\files-2.1\org.jline\jline-reader\3.12.1\4382ab1382c7b6f379377ed5f665dc2f6e1218bc\jline-reader-3.12.1.jar to classpath.
[00:08:26] [main/DEBUG] (FabricLoader/Knot) Adding C:\Users\Jordon\.gradle\caches\modules-2\files-2.1\org.jline\jline-terminal\3.12.1\c777448314e050d980a6b697c140f3bfe9eb7416\jline-terminal-3.12.1.jar to classpath.
[00:08:26] [main/DEBUG] (FabricLoader/Entrypoint) No subscribers for entrypoint 'preLaunch'
[00:08:26] [main/DEBUG] (FabricLoader/Mixin) Preparing mixins for MixinEnvironment[DEFAULT]
[00:08:26] [main/DEBUG] (FabricLoader/Mixin) Selecting config fabric-recipe-api-v1.mixins.json
[00:08:26] [main/DEBUG] (FabricLoader/Mixin) Remapping refMap fabric-recipe-api-v1-refmap.json using remapper chain
[00:08:26] [main/DEBUG] (FabricLoader/Mixin) Selecting config fabric-containers-v0.mixins.json
[00:08:26] [main/DEBUG] (FabricLoader/Mixin) Remapping refMap fabric-containers-v0-refmap.json using remapper chain
[00:08:26] [main/DEBUG] (FabricLoader/Mixin) Selecting config fabric-containers-v0.accurate.mixins.json
[00:08:26] [main/DEBUG] (FabricLoader/Mixin) Remapping refMap fabric-containers-v0-refmap.json using remapper chain
[00:08:26] [main/DEBUG] (FabricLoader/Mixin) Selecting config fabric-registry-sync-v0.mixins.json
[00:08:26] [main/DEBUG] (FabricLoader/Mixin) Remapping refMap fabric-registry-sync-v0-refmap.json using remapper chain
[00:08:26] [main/DEBUG] (FabricLoader/Mixin) Selecting config fabric-registry-sync-v0.client.mixins.json
[00:08:26] [main/DEBUG] (FabricLoader/Mixin) Remapping refMap client-fabric-registry-sync-v0-refmap.json using remapper chain
[00:08:26] [main/DEBUG] (FabricLoader/Mixin) Selecting config fabric-object-builder-v1.mixins.json
[00:08:26] [main/DEBUG] (FabricLoader/Mixin) Remapping refMap fabric-object-builder-api-v1-refmap.json using remapper chain
[00:08:26] [main/DEBUG] (FabricLoader/Mixin) Selecting config fabric-object-builder-v1.client.mixins.json
[00:08:26] [main/DEBUG] (FabricLoader/Mixin) Remapping refMap client-fabric-object-builder-api-v1-refmap.json using remapper chain
[00:08:26] [main/DEBUG] (FabricLoader/Mixin) Selecting config fabric-item-group-api-v1.mixins.json
[00:08:26] [main/DEBUG] (FabricLoader/Mixin) Remapping refMap fabric-item-group-api-v1-refmap.json using remapper chain
[00:08:26] [main/DEBUG] (FabricLoader/Mixin) Selecting config fabric-item-group-api-v1.client.mixins.json
[00:08:26] [main/DEBUG] (FabricLoader/Mixin) Remapping refMap client-fabric-item-group-api-v1-refmap.json using remapper chain
[00:08:26] [main/DEBUG] (FabricLoader/Mixin) Selecting config fabric-block-api-v1.mixins.json
[00:08:26] [main/DEBUG] (FabricLoader/Mixin) Remapping refMap fabric-block-api-v1-refmap.json using remapper chain
[00:08:26] [main/DEBUG] (FabricLoader/Mixin) Selecting config fabric-blockrenderlayer-v1.mixins.json
[00:08:26] [main/DEBUG] (FabricLoader/Mixin) Remapping refMap client-fabric-blockrenderlayer-v1-refmap.json using remapper chain
[00:08:26] [main/DEBUG] (FabricLoader/Mixin) Selecting config fabric-block-view-api-v2.mixins.json
[00:08:26] [main/DEBUG] (FabricLoader/Mixin) Remapping refMap fabric-block-view-api-v2-refmap.json using remapper chain
[00:08:26] [main/DEBUG] (FabricLoader/Mixin) Selecting config fabric-block-view-api-v2.client.mixins.json
[00:08:26] [main/DEBUG] (FabricLoader/Mixin) Remapping refMap client-fabric-block-view-api-v2-refmap.json using remapper chain
[00:08:26] [main/DEBUG] (FabricLoader/Mixin) Selecting config fabric-content-registries-v0.mixins.json
[00:08:26] [main/DEBUG] (FabricLoader/Mixin) Remapping refMap fabric-content-registries-v0-refmap.json using remapper chain
[00:08:26] [main/DEBUG] (FabricLoader/Mixin) Selecting config fabric-renderer-api-v1.mixins.json
[00:08:26] [main/DEBUG] (FabricLoader/Mixin) Remapping refMap client-fabric-renderer-api-v1-refmap.json using remapper chain
[00:08:26] [main/DEBUG] (FabricLoader/Mixin) Selecting config fabric-renderer-api-v1.debughud.mixins.json
[00:08:26] [main/DEBUG] (FabricLoader/Mixin) Remapping refMap client-fabric-renderer-api-v1-refmap.json using remapper chain
[00:08:26] [main/DEBUG] (FabricLoader/Mixin) Selecting config fabric-renderer-indigo.mixins.json
[00:08:26] [main/DEBUG] (FabricLoader/Mixin) Remapping refMap client-fabric-renderer-indigo-refmap.json using remapper chain
[00:08:26] [main/DEBUG] (FabricLoader/Mixin) Selecting config fabric-loot-api-v2.mixins.json
[00:08:26] [main/DEBUG] (FabricLoader/Mixin) Remapping refMap fabric-loot-api-v2-refmap.json using remapper chain
[00:08:26] [main/DEBUG] (FabricLoader/Mixin) Selecting config fabric-rendering-data-attachment-v1.mixins.json
[00:08:26] [main/DEBUG] (FabricLoader/Mixin) Remapping refMap fabric-rendering-data-attachment-v1-refmap.json using remapper chain
[00:08:26] [main/DEBUG] (FabricLoader/Mixin) Selecting config fabric-rendering-data-attachment-v1.client.mixins.json
[00:08:26] [main/DEBUG] (FabricLoader/Mixin) Remapping refMap client-fabric-rendering-data-attachment-v1-refmap.json using remapper chain
[00:08:26] [main/DEBUG] (FabricLoader/Mixin) Selecting config staffmod.mixins.json
[00:08:26] [main/DEBUG] (FabricLoader/Mixin) Remapping refMap NickBypasser-refmap.json using remapper chain
[00:08:26] [main/DEBUG] (FabricLoader/Mixin) Selecting config fabric-screen-handler-api-v1.mixins.json
[00:08:26] [main/DEBUG] (FabricLoader/Mixin) Remapping refMap fabric-screen-handler-api-v1-refmap.json using remapper chain
[00:08:26] [main/DEBUG] (FabricLoader/Mixin) Selecting config fabric-networking-api-v1.mixins.json
[00:08:26] [main/DEBUG] (FabricLoader/Mixin) Remapping refMap fabric-networking-api-v1-refmap.json using remapper chain
[00:08:26] [main/DEBUG] (FabricLoader/Mixin) Selecting config fabric-networking-api-v1.client.mixins.json
[00:08:26] [main/DEBUG] (FabricLoader/Mixin) Remapping refMap client-fabric-networking-api-v1-refmap.json using remapper chain
[00:08:26] [main/DEBUG] (FabricLoader/Mixin) Selecting config fabric-gametest-api-v1.mixins.json
[00:08:26] [main/DEBUG] (FabricLoader/Mixin) Remapping refMap fabric-gametest-api-v1-refmap.json using remapper chain
[00:08:26] [main/DEBUG] (FabricLoader/Mixin) Selecting config fabric-resource-loader-v0.mixins.json
[00:08:26] [main/DEBUG] (FabricLoader/Mixin) Remapping refMap fabric-resource-loader-v0-refmap.json using remapper chain
[00:08:26] [main/DEBUG] (FabricLoader/Mixin) Selecting config fabric-resource-loader-v0.client.mixins.json
[00:08:26] [main/DEBUG] (FabricLoader/Mixin) Remapping refMap client-fabric-resource-loader-v0-refmap.json using remapper chain
[00:08:26] [main/DEBUG] (FabricLoader/Mixin) Selecting config fabric-api-lookup-api-v1.mixins.json
[00:08:26] [main/DEBUG] (FabricLoader/Mixin) Remapping refMap fabric-api-lookup-api-v1-refmap.json using remapper chain
[00:08:26] [main/DEBUG] (FabricLoader/Mixin) Selecting config fabric-dimensions-v1.mixins.json
[00:08:26] [main/DEBUG] (FabricLoader/Mixin) Remapping refMap fabric-dimensions-v1-refmap.json using remapper chain
[00:08:26] [main/DEBUG] (FabricLoader/Mixin) Selecting config fabric-lifecycle-events-v1.mixins.json
[00:08:26] [main/DEBUG] (FabricLoader/Mixin) Remapping refMap fabric-lifecycle-events-v1-refmap.json using remapper chain
[00:08:26] [main/DEBUG] (FabricLoader/Mixin) Selecting config fabric-lifecycle-events-v1.client.mixins.json
[00:08:26] [main/DEBUG] (FabricLoader/Mixin) Remapping refMap client-fabric-lifecycle-events-v1-refmap.json using remapper chain
[00:08:26] [main/DEBUG] (FabricLoader/Mixin) Selecting config fabric-key-binding-api-v1.mixins.json
[00:08:26] [main/DEBUG] (FabricLoader/Mixin) Remapping refMap client-fabric-key-binding-api-v1-refmap.json using remapper chain
[00:08:26] [main/DEBUG] (FabricLoader/Mixin) Selecting config fabric-game-rule-api-v1.mixins.json
[00:08:26] [main/DEBUG] (FabricLoader/Mixin) Remapping refMap fabric-game-rule-api-v1-refmap.json using remapper chain
[00:08:26] [main/DEBUG] (FabricLoader/Mixin) Selecting config fabric-game-rule-api-v1.client.mixins.json
[00:08:26] [main/DEBUG] (FabricLoader/Mixin) Remapping refMap client-fabric-game-rule-api-v1-refmap.json using remapper chain
[00:08:26] [main/DEBUG] (FabricLoader/Mixin) Selecting config fabric-model-loading-api-v1.mixins.json
[00:08:26] [main/DEBUG] (FabricLoader/Mixin) Remapping refMap client-fabric-model-loading-api-v1-refmap.json using remapper chain
[00:08:26] [main/DEBUG] (FabricLoader/Mixin) Selecting config fabric-entity-events-v1.mixins.json
[00:08:26] [main/DEBUG] (FabricLoader/Mixin) Remapping refMap fabric-entity-events-v1-refmap.json using remapper chain
[00:08:26] [main/DEBUG] (FabricLoader/Mixin) Selecting config fabric-entity-events-v1.client.mixins.json
[00:08:26] [main/DEBUG] (FabricLoader/Mixin) Remapping refMap client-fabric-entity-events-v1-refmap.json using remapper chain
[00:08:26] [main/DEBUG] (FabricLoader/Mixin) Selecting config fabric-transfer-api-v1.mixins.json
[00:08:26] [main/DEBUG] (FabricLoader/Mixin) Remapping refMap fabric-transfer-api-v1-refmap.json using remapper chain
[00:08:26] [main/DEBUG] (FabricLoader/Mixin) Selecting config mixinextras.init.mixins.json
[00:08:26] [main/DEBUG] (FabricLoader/MixinExtras|Service) com.llamalad7.mixinextras.service.MixinExtrasServiceImpl(version=0.3.2) is taking over from null
[00:08:26] [main/DEBUG] (FabricLoader/Mixin) Registering new injector for @Inject with org.spongepowered.asm.mixin.injection.struct.CallbackInjectionInfo
[00:08:26] [main/DEBUG] (FabricLoader/Mixin) Registering new injector for @ModifyArg with org.spongepowered.asm.mixin.injection.struct.ModifyArgInjectionInfo
[00:08:26] [main/DEBUG] (FabricLoader/Mixin) Registering new injector for @ModifyArgs with org.spongepowered.asm.mixin.injection.struct.ModifyArgsInjectionInfo
[00:08:26] [main/DEBUG] (FabricLoader/Mixin) Registering new injector for @Redirect with org.spongepowered.asm.mixin.injection.struct.RedirectInjectionInfo
[00:08:26] [main/DEBUG] (FabricLoader/Mixin) Registering new injector for @ModifyVariable with org.spongepowered.asm.mixin.injection.struct.ModifyVariableInjectionInfo
[00:08:26] [main/DEBUG] (FabricLoader/Mixin) Registering new injector for @ModifyConstant with org.spongepowered.asm.mixin.injection.struct.ModifyConstantInjectionInfo
[00:08:26] [main/DEBUG] (FabricLoader/Mixin) Selecting config fabric-sound-api-v1.mixins.json
[00:08:26] [main/DEBUG] (FabricLoader/Mixin) Remapping refMap client-fabric-sound-api-v1-refmap.json using remapper chain
[00:08:26] [main/DEBUG] (FabricLoader/Mixin) Selecting config fabric-rendering-v1.mixins.json
[00:08:26] [main/DEBUG] (FabricLoader/Mixin) Remapping refMap client-fabric-rendering-v1-refmap.json using remapper chain
[00:08:26] [main/DEBUG] (FabricLoader/Mixin) Selecting config fabric-item-api-v1.mixins.json
[00:08:26] [main/DEBUG] (FabricLoader/Mixin) Remapping refMap fabric-item-api-v1-refmap.json using remapper chain
[00:08:26] [main/DEBUG] (FabricLoader/Mixin) Selecting config fabric-item-api-v1.client.mixins.json
[00:08:26] [main/DEBUG] (FabricLoader/Mixin) Remapping refMap client-fabric-item-api-v1-refmap.json using remapper chain
[00:08:26] [main/DEBUG] (FabricLoader/Mixin) Selecting config fabric-particles-v1.client.mixins.json
[00:08:26] [main/DEBUG] (FabricLoader/Mixin) Remapping refMap client-fabric-particles-v1-refmap.json using remapper chain
[00:08:26] [main/DEBUG] (FabricLoader/Mixin) Selecting config fabric-events-interaction-v0.mixins.json
[00:08:26] [main/DEBUG] (FabricLoader/Mixin) Remapping refMap fabric-events-interaction-v0-refmap.json using remapper chain
[00:08:26] [main/DEBUG] (FabricLoader/Mixin) Selecting config fabric-events-interaction-v0.client.mixins.json
[00:08:26] [main/DEBUG] (FabricLoader/Mixin) Remapping refMap client-fabric-events-interaction-v0-refmap.json using remapper chain
[00:08:26] [main/DEBUG] (FabricLoader/Mixin) Selecting config fabric-command-api-v2.mixins.json
[00:08:26] [main/DEBUG] (FabricLoader/Mixin) Remapping refMap fabric-command-api-v2-refmap.json using remapper chain
[00:08:26] [main/DEBUG] (FabricLoader/Mixin) Selecting config fabric-command-api-v2.client.mixins.json
[00:08:26] [main/DEBUG] (FabricLoader/Mixin) Remapping refMap client-fabric-command-api-v2-refmap.json using remapper chain
[00:08:26] [main/DEBUG] (FabricLoader/Mixin) Selecting config fabric-message-api-v1.mixins.json
[00:08:26] [main/DEBUG] (FabricLoader/Mixin) Remapping refMap fabric-message-api-v1-refmap.json using remapper chain
[00:08:26] [main/DEBUG] (FabricLoader/Mixin) Selecting config fabric-message-api-v1.client.mixins.json
[00:08:26] [main/DEBUG] (FabricLoader/Mixin) Remapping refMap client-fabric-message-api-v1-refmap.json using remapper chain
[00:08:26] [main/DEBUG] (FabricLoader/Mixin) Selecting config fabric-mining-level-api-v1.mixins.json
[00:08:26] [main/DEBUG] (FabricLoader/Mixin) Remapping refMap fabric-mining-level-api-v1-refmap.json using remapper chain
[00:08:26] [main/DEBUG] (FabricLoader/Mixin) Selecting config fabric-crash-report-info-v1.mixins.json
[00:08:26] [main/DEBUG] (FabricLoader/Mixin) Remapping refMap fabric-crash-report-info-v1-refmap.json using remapper chain
[00:08:26] [main/DEBUG] (FabricLoader/Mixin) Selecting config fabric-data-generation-api-v1.mixins.json
[00:08:26] [main/DEBUG] (FabricLoader/Mixin) Remapping refMap fabric-data-generation-api-v1-refmap.json using remapper chain
[00:08:26] [main/DEBUG] (FabricLoader/Mixin) Selecting config fabric-data-generation-api-v1.client.mixins.json
[00:08:26] [main/DEBUG] (FabricLoader/Mixin) Remapping refMap client-fabric-data-generation-api-v1-refmap.json using remapper chain
[00:08:26] [main/DEBUG] (FabricLoader/Mixin) Selecting config fabric-screen-api-v1.mixins.json
[00:08:26] [main/DEBUG] (FabricLoader/Mixin) Remapping refMap client-fabric-screen-api-v1-refmap.json using remapper chain
[00:08:26] [main/DEBUG] (FabricLoader/Mixin) Selecting config fabric-rendering-fluids-v1.mixins.json
[00:08:26] [main/DEBUG] (FabricLoader/Mixin) Remapping refMap client-fabric-rendering-fluids-v1-refmap.json using remapper chain
[00:08:26] [main/DEBUG] (FabricLoader/Mixin) Selecting config fabric-resource-conditions-api-v1.mixins.json
[00:08:26] [main/DEBUG] (FabricLoader/Mixin) Remapping refMap fabric-resource-conditions-api-v1-refmap.json using remapper chain
[00:08:26] [main/DEBUG] (FabricLoader/Mixin) Selecting config fabric-biome-api-v1.mixins.json
[00:08:26] [main/DEBUG] (FabricLoader/Mixin) Remapping refMap fabric-biome-api-v1-refmap.json using remapper chain
[00:08:26] [main/DEBUG] (FabricLoader/Mixin) Preparing fabric-recipe-api-v1.mixins.json (3)
[00:08:26] [main/DEBUG] (FabricLoader/Mixin) Preparing fabric-containers-v0.mixins.json (1)
[00:08:26] [main/DEBUG] (FabricLoader/Mixin) Preparing fabric-containers-v0.accurate.mixins.json (1)
[00:08:26] [main/DEBUG] (FabricLoader/Mixin) Preparing fabric-registry-sync-v0.mixins.json (13)
[00:08:26] [main/DEBUG] (FabricLoader/Mixin) Preparing fabric-registry-sync-v0.client.mixins.json (5)
[00:08:26] [main/DEBUG] (FabricLoader/Mixin) Preparing fabric-object-builder-v1.mixins.json (7)
[00:08:26] [main/DEBUG] (FabricLoader/Mixin) Preparing fabric-object-builder-v1.client.mixins.json (5)
[00:08:26] [main/DEBUG] (FabricLoader/Mixin) Preparing fabric-item-group-api-v1.mixins.json (3)
[00:08:26] [main/DEBUG] (FabricLoader/Mixin) Preparing fabric-item-group-api-v1.client.mixins.json (1)
[00:08:26] [main/DEBUG] (FabricLoader/Mixin) Preparing fabric-block-api-v1.mixins.json (2)
[00:08:26] [main/DEBUG] (FabricLoader/Mixin) Preparing fabric-blockrenderlayer-v1.mixins.json (1)
[00:08:26] [main/DEBUG] (FabricLoader/Mixin) Preparing fabric-block-view-api-v2.mixins.json (2)
[00:08:26] [main/DEBUG] (FabricLoader/Mixin) Preparing fabric-block-view-api-v2.client.mixins.json (2)
[00:08:26] [main/DEBUG] (FabricLoader/Mixin) Preparing fabric-content-registries-v0.mixins.json (11)
[00:08:26] [main/DEBUG] (FabricLoader/Mixin) Preparing fabric-renderer-api-v1.mixins.json (5)
[00:08:26] [main/DEBUG] (FabricLoader/Mixin) Preparing fabric-renderer-api-v1.debughud.mixins.json (1)
[00:08:26] [main/DEBUG] (FabricLoader/Mixin) Preparing fabric-renderer-indigo.mixins.json (5)
[00:08:26] [main/DEBUG] (FabricLoader/Mixin) Preparing fabric-loot-api-v2.mixins.json (5)
[00:08:26] [main/DEBUG] (FabricLoader/Mixin) Preparing fabric-rendering-data-attachment-v1.mixins.json (2)
[00:08:26] [main/DEBUG] (FabricLoader/Mixin) Preparing fabric-rendering-data-attachment-v1.client.mixins.json (1)
[00:08:26] [main/DEBUG] (FabricLoader/Mixin) Preparing staffmod.mixins.json (1)
[00:08:26] [main/DEBUG] (FabricLoader/Mixin) Preparing fabric-screen-handler-api-v1.mixins.json (2)
[00:08:26] [main/DEBUG] (FabricLoader/Mixin) Preparing fabric-networking-api-v1.mixins.json (17)
[00:08:26] [main/DEBUG] (FabricLoader/Mixin) @Mixin target net/minecraft/network/NetworkState$InternalPacketHandler is public in fabric-networking-api-v1.mixins.json:NetworkStateInternalPacketHandlerMixin from mod fabric-networking-api-v1 and should be specified in value
[00:08:26] [main/DEBUG] (FabricLoader/Mixin) @Mixin target net/minecraft/server/world/ThreadedAnvilChunkStorage$EntityTracker is public in fabric-networking-api-v1.mixins.json:accessor.EntityTrackerAccessor from mod fabric-networking-api-v1 and should be specified in value
[00:08:26] [main/DEBUG] (FabricLoader/Mixin) Preparing fabric-networking-api-v1.client.mixins.json (9)
[00:08:26] [main/DEBUG] (FabricLoader/Mixin) Preparing fabric-gametest-api-v1.mixins.json (7)
[00:08:26] [main/DEBUG] (FabricLoader/Mixin) Preparing fabric-resource-loader-v0.mixins.json (12)
[00:08:26] [main/DEBUG] (FabricLoader/Mixin) Preparing fabric-resource-loader-v0.client.mixins.json (6)
[00:08:26] [main/DEBUG] (FabricLoader/Mixin) Preparing fabric-api-lookup-api-v1.mixins.json (2)
[00:08:26] [main/DEBUG] (FabricLoader/Mixin) Preparing fabric-dimensions-v1.mixins.json (5)
[00:08:26] [main/DEBUG] (FabricLoader/Mixin) Preparing fabric-lifecycle-events-v1.mixins.json (9)
[00:08:26] [main/DEBUG] (FabricLoader/Mixin) @Mixin target net/minecraft/server/world/ServerWorld$ServerEntityHandler is public in fabric-lifecycle-events-v1.mixins.json:ServerWorldServerEntityHandlerMixin from mod fabric-lifecycle-events-v1 and should be specified in value
[00:08:26] [main/DEBUG] (FabricLoader/Mixin) Preparing fabric-lifecycle-events-v1.client.mixins.json (6)
[00:08:26] [main/DEBUG] (FabricLoader/Mixin) @Mixin target net/minecraft/client/world/ClientWorld$ClientEntityHandler is public in fabric-lifecycle-events-v1.client.mixins.json:ClientWorldClientEntityHandlerMixin from mod fabric-lifecycle-events-v1 and should be specified in value
[00:08:26] [main/DEBUG] (FabricLoader/Mixin) Preparing fabric-key-binding-api-v1.mixins.json (2)
[00:08:26] [main/DEBUG] (FabricLoader/Mixin) Preparing fabric-game-rule-api-v1.mixins.json (6)
[00:08:26] [main/DEBUG] (FabricLoader/Mixin) @Mixin target net/minecraft/server/command/GameRuleCommand$1 is public in fabric-game-rule-api-v1.mixins.json:GameRuleCommandVisitorMixin from mod fabric-game-rule-api-v1 and should be specified in value
[00:08:26] [main/DEBUG] (FabricLoader/Mixin) Preparing fabric-game-rule-api-v1.client.mixins.json (3)
[00:08:26] [main/DEBUG] (FabricLoader/Mixin) @Mixin target net/minecraft/client/gui/screen/world/EditGameRulesScreen$RuleListWidget$1 is public in fabric-game-rule-api-v1.client.mixins.json:RuleListWidgetVisitorMixin from mod fabric-game-rule-api-v1 and should be specified in value
[00:08:26] [main/DEBUG] (FabricLoader/Mixin) Preparing fabric-model-loading-api-v1.mixins.json (3)
[00:08:26] [main/DEBUG] (FabricLoader/Mixin) @Mixin target net/minecraft/client/render/model/ModelLoader$BakerImpl is public in fabric-model-loading-api-v1.mixins.json:ModelLoaderBakerImplMixin from mod fabric-model-loading-api-v1 and should be specified in value
[00:08:26] [main/DEBUG] (FabricLoader/Mixin) Preparing fabric-entity-events-v1.mixins.json (7)
[00:08:26] [main/DEBUG] (FabricLoader/Mixin) Preparing fabric-entity-events-v1.client.mixins.json (1)
[00:08:26] [main/DEBUG] (FabricLoader/Mixin) Preparing fabric-transfer-api-v1.mixins.json (11)
[00:08:26] [main/DEBUG] (FabricLoader/Mixin) Preparing mixinextras.init.mixins.json (0)
[00:08:26] [main/DEBUG] (FabricLoader/Mixin) Preparing fabric-sound-api-v1.mixins.json (2)
[00:08:26] [main/DEBUG] (FabricLoader/Mixin) Preparing fabric-rendering-v1.mixins.json (17)
[00:08:26] [main/DEBUG] (FabricLoader/Mixin) @Mixin target net/minecraft/client/gl/ShaderProgram$1 is public in fabric-rendering-v1.mixins.json:shader.ShaderProgramImportProcessorMixin from mod fabric-rendering-v1 and should be specified in value
[00:08:26] [main/DEBUG] (FabricLoader/Mixin) Preparing fabric-item-api-v1.mixins.json (7)
[00:08:26] [main/DEBUG] (FabricLoader/Mixin) Preparing fabric-item-api-v1.client.mixins.json (3)
[00:08:26] [main/DEBUG] (FabricLoader/Mixin) Preparing fabric-particles-v1.client.mixins.json (4)
[00:08:26] [main/DEBUG] (FabricLoader/Mixin) Preparing fabric-events-interaction-v0.mixins.json (4)
[00:08:26] [main/DEBUG] (FabricLoader/Mixin) @Mixin target net/minecraft/server/network/ServerPlayNetworkHandler$1 is public in fabric-events-interaction-v0.mixins.json:ServerPlayNetworkHandlerMixin from mod fabric-events-interaction-v0 and should be specified in value
[00:08:26] [main/DEBUG] (FabricLoader/Mixin) Preparing fabric-events-interaction-v0.client.mixins.json (3)
[00:08:26] [main/DEBUG] (FabricLoader/Mixin) Preparing fabric-command-api-v2.mixins.json (5)
[00:08:26] [main/DEBUG] (FabricLoader/Mixin) Preparing fabric-command-api-v2.client.mixins.json (2)
[00:08:26] [main/DEBUG] (FabricLoader/Mixin) Preparing fabric-message-api-v1.mixins.json (2)
[00:08:26] [main/DEBUG] (FabricLoader/Mixin) Preparing fabric-message-api-v1.client.mixins.json (2)
[00:08:26] [main/DEBUG] (FabricLoader/Mixin) Preparing fabric-mining-level-api-v1.mixins.json (3)
[00:08:26] [main/DEBUG] (FabricLoader/Mixin) Preparing fabric-crash-report-info-v1.mixins.json (1)
[00:08:26] [main/DEBUG] (FabricLoader/Mixin) Preparing fabric-data-generation-api-v1.mixins.json (6)
[00:08:26] [main/DEBUG] (FabricLoader/Mixin) Preparing fabric-data-generation-api-v1.client.mixins.json (1)
[00:08:26] [main/DEBUG] (FabricLoader/Mixin) Preparing fabric-screen-api-v1.mixins.json (6)
[00:08:26] [main/DEBUG] (FabricLoader/Mixin) Preparing fabric-rendering-fluids-v1.mixins.json (1)
[00:08:26] [main/DEBUG] (FabricLoader/Mixin) Preparing fabric-resource-conditions-api-v1.mixins.json (6)
[00:08:26] [main/DEBUG] (FabricLoader/Mixin) Preparing fabric-biome-api-v1.mixins.json (9)
[00:08:26] [main/DEBUG] (FabricLoader/Mixin) @Mixin target net/minecraft/world/biome/source/MultiNoiseBiomeSourceParameterList$Preset$1 is public in fabric-biome-api-v1.mixins.json:NetherBiomePresetMixin from mod fabric-biome-api-v1 and should be specified in value
[00:08:26] [main/DEBUG] (FabricLoader/Mixin) Inner class net/fabricmc/fabric/mixin/itemgroup/ItemGroupsMixin$1ItemGroupPosition in net/fabricmc/fabric/mixin/itemgroup/ItemGroupsMixin on net/minecraft/item/ItemGroups gets unique name net/minecraft/item/ItemGroups$1ItemGroupPosition$97780de6a2c849dd8d2ccc51a4d40357
[00:08:26] [main/DEBUG] (FabricLoader/Mixin) Inner class net/fabricmc/fabric/mixin/resource/loader/client/DefaultClientResourcePackProviderMixin$1 in net/fabricmc/fabric/mixin/resource/loader/client/DefaultClientResourcePackProviderMixin on net/minecraft/client/resource/DefaultClientResourcePackProvider gets unique name net/minecraft/client/resource/DefaultClientResourcePackProvider$Anonymous$8cdfb37d507940958bfe580fd7823c12
[00:08:26] [main/DEBUG] (FabricLoader/Mixin) Inner class net/fabricmc/fabric/mixin/transfer/ChiseledBookshelfBlockEntityMixin$1 in net/fabricmc/fabric/mixin/transfer/ChiseledBookshelfBlockEntityMixin on net/minecraft/block/entity/ChiseledBookshelfBlockEntity gets unique name net/minecraft/block/entity/ChiseledBookshelfBlockEntity$Anonymous$c15f0352f87647a19e696f9674a4973c
[00:08:26] [main/DEBUG] (FabricLoader/Mixin) Prepared 265 mixins in 0.306 sec (1.2ms avg) (0ms load, 0ms transform, 0ms plugin)
[00:08:26] [main/DEBUG] (io.netty.util.internal.logging.InternalLoggerFactory) Using SLF4J as the default logging framework
[00:08:26] [main/DEBUG] (io.netty.util.ResourceLeakDetector) -Dio.netty.leakDetection.level: simple
[00:08:26] [main/DEBUG] (io.netty.util.ResourceLeakDetector) -Dio.netty.leakDetection.targetRecords: 4
[00:08:26] [main/INFO] (FabricLoader/MixinExtras|Service) Initializing MixinExtras via com.llamalad7.mixinextras.service.MixinExtrasServiceImpl(version=0.3.2).
[00:08:26] [main/DEBUG] (FabricLoader/Mixin) Registering new injector for @SugarWrapper with com.llamalad7.mixinextras.sugar.impl.SugarWrapperInjectionInfo
[00:08:26] [main/DEBUG] (FabricLoader/Mixin) Registering new injector for @FactoryRedirectWrapper with com.llamalad7.mixinextras.wrapper.factory.FactoryRedirectWrapperInjectionInfo
[00:08:26] [main/DEBUG] (FabricLoader/Mixin) Mixing SystemDetailsMixin from fabric-crash-report-info-v1.mixins.json into net.minecraft.util.SystemDetails
[00:08:26] [main/DEBUG] (FabricLoader/Mixin) fabric-crash-report-info-v1.mixins.json:SystemDetailsMixin from mod fabric-crash-report-info-v1: Class version 61 required is higher than the class version supported by the current version of Mixin (JAVA_16 supports class version 60)
[00:08:26] [main/DEBUG] (FabricLoader/Mixin) Renaming synthetic method lambda$appendMods$1(Lnet/fabricmc/loader/api/ModContainer;)Ljava/lang/String; to mda7fe44$fabric-crash-report-info-v1$lambda$appendMods$1$0 in fabric-crash-report-info-v1.mixins.json:SystemDetailsMixin from mod fabric-crash-report-info-v1
[00:08:26] [main/DEBUG] (FabricLoader/Mixin) Renaming synthetic method lambda$fillSystemDetails$0()Ljava/lang/String; to mda7fe44$fabric-crash-report-info-v1$lambda$fillSystemDetails$0$1 in fabric-crash-report-info-v1.mixins.json:SystemDetailsMixin from mod fabric-crash-report-info-v1
[00:08:27] [main/DEBUG] (FabricLoader/Mixin) fabric-crash-report-info-v1.mixins.json:SystemDetailsMixin from mod fabric-crash-report-info-v1->@Inject::fillSystemDetails(Lorg/spongepowered/asm/mixin/injection/callback/CallbackInfo;)V doesn't use it's CallbackInfo
[00:08:27] [main/DEBUG] (FabricLoader/Mixin) fabric-crash-report-info-v1.mixins.json:SystemDetailsMixin from mod fabric-crash-report-info-v1->@Inject::fillSystemDetails(Lorg/spongepowered/asm/mixin/injection/callback/CallbackInfo;)V has 0 override(s) in child classes
[00:08:27] [main/DEBUG] (FabricLoader/Mixin) fabric-crash-report-info-v1.mixins.json:SystemDetailsMixin from mod fabric-crash-report-info-v1->@Inject::fillSystemDetails(Lorg/spongepowered/asm/mixin/injection/callback/CallbackInfo;)V won't be passed a CallbackInfo as a result
